========== DOORS REMOTE DUMP ==========
Время: 2026-05-17 13:26:25
PlaceId: 6839171747

[RemoteEvent] Workspace.CurrentRooms.16.Door.ClientOpen
[RemoteEvent] Workspace.CurrentRooms.17.Door.ClientOpen
[RemoteEvent] Workspace.CurrentRooms.18.Door.ClientOpen
[RemoteEvent] Workspace.CurrentRooms.19.Door.ClientOpen
[RemoteEvent] Workspace.CurrentRooms.20.Door.ClientOpen
[RemoteEvent] Workspace.CurrentRooms.21.Door.ClientOpen
[RemoteEvent] Workspace.CurrentRooms.22.Door.ClientOpen
[RemoteEvent] Workspace.CurrentRooms.22.SideroomDupe.DoorFake.ClientOpen
[RemoteEvent] Workspace.Ladenosaben.Lockpick.Remote
[RemoteEvent] Workspace.Ladenosaben.Lockpick.RemoteInspect
[RemoteEvent] RobloxReplicatedStorage.IntegrityCheckProcessorKey2_LocalizationTableAnalyticsSender_LocalizationService
[RemoteEvent] RobloxReplicatedStorage.IntegrityCheckProcessorKey2_DynamicTranslationSender_LocalizationService
[RemoteFunction] RobloxReplicatedStorage.GetServerVersion
[RemoteFunction] RobloxReplicatedStorage.GetServerChannel
[RemoteFunction] RobloxReplicatedStorage.ExperienceChat.WhisperChat
[RemoteFunction] RobloxReplicatedStorage.GetServerType
[RemoteEvent] RobloxReplicatedStorage.CanChatWith
[RemoteEvent] RobloxReplicatedStorage.SetPlayerBlockList
[RemoteEvent] RobloxReplicatedStorage.UpdatePlayerBlockList
[RemoteEvent] RobloxReplicatedStorage.NewPlayerGroupDetails
[RemoteEvent] RobloxReplicatedStorage.NewPlayerCanManageDetails
[RemoteEvent] RobloxReplicatedStorage.SendPlayerBlockList
[RemoteEvent] RobloxReplicatedStorage.UpdateLocalPlayerBlockList
[RemoteEvent] RobloxReplicatedStorage.SendPlayerProfileSettings
[RemoteEvent] RobloxReplicatedStorage.RequestPlayerProfileSettings
[RemoteEvent] RobloxReplicatedStorage.UpdatePlayerProfileSettings
[RemoteEvent] RobloxReplicatedStorage.ShowPlayerJoinedFriendsToast
[RemoteEvent] RobloxReplicatedStorage.ShowFriendJoinedPlayerToast
[RemoteEvent] RobloxReplicatedStorage.CreateOrJoinParty
[RemoteEvent] RobloxReplicatedStorage.ModerateChatSettingUpdated
[RemoteEvent] RobloxReplicatedStorage.ExpChatFeatureValueChanged
[RemoteEvent] RobloxReplicatedStorage.ServerSideBulkPurchaseEvent
[RemoteEvent] RobloxReplicatedStorage.SetDialogInUse
[RemoteEvent] RobloxReplicatedStorage.ContactListInvokeIrisInvite
[RemoteEvent] RobloxReplicatedStorage.ContactListIrisInviteTeleport
[RemoteEvent] RobloxReplicatedStorage.UpdateCurrentCall
[RemoteEvent] RobloxReplicatedStorage.RequestDeviceCameraOrientationCapability
[RemoteEvent] RobloxReplicatedStorage.ReceiveLikelySpeakingUsers
[RemoteEvent] RobloxReplicatedStorage.ReferredPlayerJoin
[RemoteEvent] ReplicatedStorage.ClientAnimationReceiver.RemoteEvent
[RemoteEvent] ReplicatedStorage.ReplicatedTweening.TweenEvent
[RemoteEvent] ReplicatedStorage.RemotesFolder.Giggle
[RemoteEvent] ReplicatedStorage.RemotesFolder.SoundToClient
[RemoteEvent] ReplicatedStorage.RemotesFolder.Interaction_Door
[RemoteFunction] ReplicatedStorage.RemotesFolder.GetUGC
[RemoteEvent] ReplicatedStorage.RemotesFolder.ElevatorExit
[RemoteEvent] ReplicatedStorage.RemotesFolder.Item_MeleeReplication
[RemoteEvent] ReplicatedStorage.RemotesFolder.Item_MiscReplication
[RemoteEvent] ReplicatedStorage.RemotesFolder.Hitmarker
[RemoteEvent] ReplicatedStorage.RemotesFolder.Inventory
[RemoteEvent] ReplicatedStorage.RemotesFolder.Equip
[RemoteEvent] ReplicatedStorage.RemotesFolder.UseEnemyModule
[RemoteEvent] ReplicatedStorage.RemotesFolder.UseEventModule
[RemoteEvent] ReplicatedStorage.RemotesFolder.Jumpscare
[RemoteEvent] ReplicatedStorage.RemotesFolder.CamLock
[RemoteEvent] ReplicatedStorage.RemotesFolder.CamShake
[RemoteEvent] ReplicatedStorage.RemotesFolder.ElevatorJoin
[RemoteEvent] ReplicatedStorage.RemotesFolder.Caption
[RemoteEvent] ReplicatedStorage.RemotesFolder.Remind
[RemoteEvent] ReplicatedStorage.RemotesFolder.LightningStrike
[RemoteEvent] ReplicatedStorage.RemotesFolder.GetCurrency
[RemoteEvent] ReplicatedStorage.RemotesFolder.ReplicateTween
[RemoteEvent] ReplicatedStorage.RemotesFolder.ClutchHeartbeat
[RemoteEvent] ReplicatedStorage.RemotesFolder.CamShakeRelative
[RemoteEvent] ReplicatedStorage.RemotesFolder.EngageMinigame
[RemoteEvent] ReplicatedStorage.RemotesFolder.EBF
[RemoteEvent] ReplicatedStorage.RemotesFolder.Cutscene
[RemoteEvent] ReplicatedStorage.RemotesFolder.CutsceneFollowup
[RemoteEvent] ReplicatedStorage.RemotesFolder.ReplicateAnimation
[RemoteEvent] ReplicatedStorage.RemotesFolder.CamLockHead
[RemoteEvent] ReplicatedStorage.RemotesFolder.ChangeModuleVariable
[RemoteEvent] ReplicatedStorage.RemotesFolder.ShadeResult
[RemoteEvent] ReplicatedStorage.RemotesFolder.PL
[RemoteEvent] ReplicatedStorage.RemotesFolder.PadlockHint
[RemoteEvent] ReplicatedStorage.RemotesFolder.Lobby
[RemoteEvent] ReplicatedStorage.RemotesFolder.Revive
[RemoteEvent] ReplicatedStorage.RemotesFolder.HideMonster
[RemoteEvent] ReplicatedStorage.RemotesFolder.PreRunShop
[RemoteEvent] ReplicatedStorage.RemotesFolder.SpiderJumpscare
[RemoteEvent] ReplicatedStorage.RemotesFolder.Statistics
[RemoteEvent] ReplicatedStorage.RemotesFolder.DeathHint
[RemoteEvent] ReplicatedStorage.RemotesFolder.AchievementUnlock
[RemoteEvent] ReplicatedStorage.RemotesFolder.Screech
[RemoteEvent] ReplicatedStorage.RemotesFolder.FigureLight
[RemoteEvent] ReplicatedStorage.RemotesFolder.HitDoor
[RemoteEvent] ReplicatedStorage.RemotesFolder.ElevatorFinished
[RemoteEvent] ReplicatedStorage.RemotesFolder.ElevatorMaxWarning
[RemoteEvent] ReplicatedStorage.RemotesFolder.GetOutOfHiding
[RemoteEvent] ReplicatedStorage.RemotesFolder.PlayAgain
[RemoteEvent] ReplicatedStorage.RemotesFolder.Loading
[RemoteEvent] ReplicatedStorage.RemotesFolder.SendErrorLog
[RemoteEvent] ReplicatedStorage.RemotesFolder.ShopCode
[RemoteEvent] ReplicatedStorage.RemotesFolder.ElevatorStart
[RemoteEvent] ReplicatedStorage.RemotesFolder.LiveClock
[RemoteEvent] ReplicatedStorage.RemotesFolder.FlexAchievement
[RemoteEvent] ReplicatedStorage.RemotesFolder.FlashSpecify
[RemoteFunction] ReplicatedStorage.RemotesFolder.CheckRevive
[RemoteEvent] ReplicatedStorage.RemotesFolder.ChangeSettings
[RemoteEvent] ReplicatedStorage.RemotesFolder.SwitchServers
[RemoteFunction] ReplicatedStorage.RemotesFolder.IsNotPrivateServer
[RemoteEvent] ReplicatedStorage.RemotesFolder.Haste
[RemoteEvent] ReplicatedStorage.RemotesFolder.UpdateFloor
[RemoteEvent] ReplicatedStorage.RemotesFolder.A90
[RemoteEvent] ReplicatedStorage.RemotesFolder.Vignette
[RemoteEvent] ReplicatedStorage.RemotesFolder.HaltCrucifix
[RemoteEvent] ReplicatedStorage.RemotesFolder.SystemMessage
[RemoteEvent] ReplicatedStorage.RemotesFolder.Greed
[RemoteEvent] ReplicatedStorage.RemotesFolder.ClimbLadder
[RemoteEvent] ReplicatedStorage.RemotesFolder.CreateElevator
[RemoteEvent] ReplicatedStorage.RemotesFolder.Promo
[RemoteEvent] ReplicatedStorage.RemotesFolder.Dread
[RemoteFunction] ReplicatedStorage.RemotesFolder.RequestAsset
[RemoteEvent] ReplicatedStorage.RemotesFolder.PlayerDied
[RemoteEvent] ReplicatedStorage.RemotesFolder.DropItem
[RemoteEvent] ReplicatedStorage.RemotesFolder.HidePickup
[RemoteEvent] ReplicatedStorage.RemotesFolder.Ragdoll
[RemoteEvent] ReplicatedStorage.RemotesFolder.Crouch
[RemoteEvent] ReplicatedStorage.RemotesFolder.Underwater
[RemoteEvent] ReplicatedStorage.RemotesFolder.UpdateMinecartNodes
[RemoteEvent] ReplicatedStorage.RemotesFolder.ServerLog
[RemoteEvent] ReplicatedStorage.RemotesFolder.DeathTickDelay
[RemoteEvent] ReplicatedStorage.RemotesFolder.MinecartResult
[RemoteEvent] ReplicatedStorage.RemotesFolder.SendRunnerNodes
[RemoteEvent] ReplicatedStorage.RemotesFolder.Teleport
[RemoteEvent] ReplicatedStorage.RemotesFolder.EndLighting
[RemoteEvent] ReplicatedStorage.RemotesFolder.StopSeekMusic
[RemoteEvent] ReplicatedStorage.RemotesFolder.CandyAnnounce
[RemoteEvent] ReplicatedStorage.RemotesFolder.StreamVote
[RemoteEvent] ReplicatedStorage.RemotesFolder.ServerTeleported
[RemoteEvent] ReplicatedStorage.RemotesFolder.FriendBall
[RemoteEvent] ReplicatedStorage.RemotesFolder.TweenColorSequence
[RemoteEvent] ReplicatedStorage.RemotesFolder.StupidEffects
[RemoteEvent] ReplicatedStorage.RemotesFolder.ReviveFriend
[RemoteFunction] ReplicatedStorage.RemotesFolder.ObtainGiftedRevive
[RemoteEvent] ReplicatedStorage.RemotesFolder.ProductPurchased
[RemoteEvent] ReplicatedStorage.RemotesFolder.TargetCameraDirection
[RemoteEvent] ReplicatedStorage.RemotesFolder.MonumentEvent.ReliableEvent
[RemoteEvent] ReplicatedStorage.RemotesFolder.Onboarding
[RemoteFunction] ReplicatedStorage.RemotesFolder.CheckRank
[RemoteEvent] ReplicatedStorage.RemotesFolder.BloxxerRank
[RemoteEvent] ReplicatedStorage.RemotesFolder.DestroyProjectile
[RemoteEvent] ReplicatedStorage.RemotesFolder.FireProjectile
[RemoteEvent] ReplicatedStorage.RemotesFolder.ProjectileHandler
[RemoteEvent] ReplicatedStorage.RemotesFolder.ProjectileHit
[RemoteEvent] ReplicatedStorage.RemotesFolder.SyncProjectile
[RemoteFunction] ReplicatedStorage.RemotesFolder.RequestLocalAsset
[RemoteFunction] ReplicatedStorage.RemotesFolder.RequestShop
[RemoteFunction] ReplicatedStorage.RemotesFolder.PurchaseShopItem
[RemoteFunction] ReplicatedStorage.RemotesFolder.RequestInventory
[RemoteFunction] ReplicatedStorage.RemotesFolder.InventoryShopFunc
[RemoteFunction] ReplicatedStorage.RemotesFolder.ContinueOrSave
[RemoteFunction] ReplicatedStorage.RemotesFolder.SaveHandler
[RemoteEvent] ReplicatedStorage.RemotesFolder.CreateSavedElevator
[RemoteEvent] ReplicatedStorage.RemotesFolder.DeleteSave
[RemoteEvent] ReplicatedStorage.RemotesFolder.ToolAnimate
[RemoteEvent] ReplicatedStorage.RemotesFolder.LotusElevatorStarted
[RemoteEvent] ReplicatedStorage.RemotesFolder.SurgeRemote
[RemoteEvent] ReplicatedStorage.RemotesFolder.AdminPanelRunCommand
[RemoteEvent] ReplicatedStorage.RemotesFolder.MusicIntense
[RemoteEvent] ReplicatedStorage.RemotesFolder.SeekSlop
[RemoteEvent] ReplicatedStorage.RemotesFolder.UsePowerup
[RemoteEvent] ReplicatedStorage.RemotesFolder.PointsNotification
[RemoteEvent] ReplicatedStorage.RemotesFolder.HostStartMatch
[RemoteEvent] ReplicatedStorage.RemotesFolder.CaptainManImBattlin
[RemoteFunction] ReplicatedStorage.RemotesFolder.RequestItemInfo
[RemoteFunction] ReplicatedStorage.RemotesFolder.GiftProduct
[RemoteEvent] ReplicatedStorage.RemotesFolder.GotGift
[RemoteEvent] ReplicatedStorage.RemotesFolder.ChangeFlagsEvent
[RemoteEvent] ReplicatedStorage.RemotesFolder.SetFlagsEvent
[RemoteEvent] ReplicatedStorage.RemotesFolder.CaptionWithChat
[RemoteEvent] ReplicatedStorage.RemotesFolder.RippleStatistics
[RemoteFunction] ReplicatedStorage.RemotesFolder.RequestRipples
[RemoteEvent] ReplicatedStorage.RemotesFolder.ChaosTalkToServer
[RemoteEvent] ReplicatedStorage.RemotesFolder.EndChaosMinigame
[RemoteEvent] ReplicatedStorage.RemotesFolder.AchievementProgress
[RemoteEvent] ReplicatedStorage.RemotesFolder.ElevatorMatchFound
[RemoteEvent] ReplicatedStorage.ModulesClient.ClientUpdatedModules.Firedamp.Remote
[RemoteEvent] ReplicatedStorage.ReplicaRemoteEvents.Replica_ReplicaRequestData
[RemoteEvent] ReplicatedStorage.ReplicaRemoteEvents.Replica_ReplicaSetValue
[RemoteEvent] ReplicatedStorage.ReplicaRemoteEvents.Replica_ReplicaSetValues
[RemoteEvent] ReplicatedStorage.ReplicaRemoteEvents.Replica_ReplicaArrayInsert
[RemoteEvent] ReplicatedStorage.ReplicaRemoteEvents.Replica_ReplicaArraySet
[RemoteEvent] ReplicatedStorage.ReplicaRemoteEvents.Replica_ReplicaArrayRemove
[RemoteEvent] ReplicatedStorage.ReplicaRemoteEvents.Replica_ReplicaWrite
[RemoteEvent] ReplicatedStorage.ReplicaRemoteEvents.Replica_ReplicaSignal
[RemoteEvent] ReplicatedStorage.ReplicaRemoteEvents.Replica_ReplicaSetParent
[RemoteEvent] ReplicatedStorage.ReplicaRemoteEvents.Replica_ReplicaCreate
[RemoteEvent] ReplicatedStorage.ReplicaRemoteEvents.Replica_ReplicaDestroy