========== GROW A GARDEN - REMOTE DUMP ==========
Время: 2026-05-16 21:16:59
Игра: Grow a Garden [New Players]
PlaceId: 124977557560410

===== REPLICATED STORAGE =====
[RemoteEvent] ReplicatedStorage.FFlags.Packages.Replion.Remotes.Removed
[RemoteEvent] ReplicatedStorage.FFlags.Packages.Replion.Remotes.Added
[RemoteEvent] ReplicatedStorage.FFlags.Packages.Replion.Remotes.ArrayUpdate
[RemoteEvent] ReplicatedStorage.FFlags.Packages.Replion.Remotes.Set
[RemoteEvent] ReplicatedStorage.FFlags.Packages.Replion.Remotes.UpdateReplicateTo
[RemoteEvent] ReplicatedStorage.FFlags.Packages.Replion.Remotes.Update
[RemoteEvent] ReplicatedStorage.UserGenerated.Analytics.ClientKit.Accept
[RemoteEvent] ReplicatedStorage.UserGenerated.FastFlags.SharedFastFlags.Update
[RemoteEvent] ReplicatedStorage.UserGenerated.ABTests.SharedABTests.Update
[RemoteFunction] ReplicatedStorage.CmdrClient.CmdrFunction
[RemoteEvent] ReplicatedStorage.CmdrClient.CmdrEvent
[BindableFunction] ReplicatedStorage.Brainrot_Sammy_Assets.BW_DJ_Set.jhailatte.Animate.PlayEmote
[BindableFunction] ReplicatedStorage.Assets.Cutscenes.EasterCutscene.CutsceneFolder.Scene.Folder.NPCS.Eloise.Animate.PlayEmote
[BindableFunction] ReplicatedStorage.Assets.Cutscenes.EasterCutscene.CutsceneFolder.Scene.Folder.NPCS.Isaac.Animate.PlayEmote
[BindableFunction] ReplicatedStorage.Assets.Cutscenes.EasterCutscene.CutsceneFolder.Scene.Folder.NPCS.Pet Stand.Raphael.Animate.PlayEmote
[BindableFunction] ReplicatedStorage.Assets.Cutscenes.EasterCutscene.CutsceneFolder.Scene.Folder.Easter2026.EasterShop.Poppy.Animate.PlayEmote
[BindableFunction] ReplicatedStorage.Assets.Cutscenes.BeeCutscene.CutsceneFolder.Scene.Folder.NPCS.Eloise.Animate.PlayEmote
[BindableFunction] ReplicatedStorage.Assets.Cutscenes.BeeCutscene.CutsceneFolder.Scene.Folder.NPCS.Isaac.Animate.PlayEmote
[BindableFunction] ReplicatedStorage.Assets.Cutscenes.BeeCutscene.CutsceneFolder.Scene.Folder.NPCS.Pet Stand.Raphael.Animate.PlayEmote
[BindableFunction] ReplicatedStorage.Assets.Cutscenes.BeeCutscene.CutsceneFolder.Scene.Folder.Model1.BeeEvent.Beatrice.Animate.PlayEmote
[BindableFunction] ReplicatedStorage.Assets.Cutscenes.BeeCutscene.CutsceneFolder.Scene.Folder.Model1.BeeEvent.HoneyMachine2026.Benjamin.Animate.PlayEmote
[BindableFunction] ReplicatedStorage.Assets.SantaSleighOld.Santa.Animate.PlayEmote
[BindableFunction] ReplicatedStorage.Assets.SantaSleigh.DevNamedDavid.Animate.PlayEmote
[RemoteFunction] ReplicatedStorage.RequestAsset
[RemoteEvent] ReplicatedStorage.GameEvents.FoodCriticService_RE
[RemoteEvent] ReplicatedStorage.GameEvents.PetAgeLimitBreak_PlayEffects
[RemoteEvent] ReplicatedStorage.GameEvents.TryAcornBell
[RemoteFunction] ReplicatedStorage.GameEvents.GetPetMutationNames
[RemoteEvent] ReplicatedStorage.GameEvents.PetShardService_RE
[RemoteEvent] ReplicatedStorage.GameEvents.Reaper_Event
[RemoteEvent] ReplicatedStorage.GameEvents.SubmitFoodService_RE
[RemoteEvent] ReplicatedStorage.GameEvents.StartTranquilRadarScan
[RemoteEvent] ReplicatedStorage.GameEvents.FinishTranquilRadarScan
[RemoteEvent] ReplicatedStorage.GameEvents.TranquilRadarCollectSound
[RemoteEvent] ReplicatedStorage.GameEvents.TranquilRadarHighlight
[RemoteEvent] ReplicatedStorage.GameEvents.TranquilRadarReset
[RemoteEvent] ReplicatedStorage.GameEvents.RequestPetCooldowns
[RemoteEvent] ReplicatedStorage.GameEvents.TranquilStaffRemoteEvent
[RemoteEvent] ReplicatedStorage.GameEvents.CorruptStaffRemoteEvent
[RemoteEvent] ReplicatedStorage.GameEvents.FoxRewardEffect
[BindableEvent] ReplicatedStorage.GameEvents.FireDropBindable
[RemoteEvent] ReplicatedStorage.GameEvents.CorruptRadarReset
[RemoteEvent] ReplicatedStorage.GameEvents.CorruptRadarHighlight
[RemoteEvent] ReplicatedStorage.GameEvents.CorruptRadarCollectSound
[RemoteEvent] ReplicatedStorage.GameEvents.StartCorruptRadarScan
[RemoteEvent] ReplicatedStorage.GameEvents.FinishCorruptRadarScan
[RemoteEvent] ReplicatedStorage.GameEvents.TK_MeteorEvent
[RemoteEvent] ReplicatedStorage.GameEvents.CookingPotService_RE
[RemoteEvent] ReplicatedStorage.GameEvents.WarningService.Acknowledge
[RemoteEvent] ReplicatedStorage.GameEvents.EventMutationBall
[RemoteEvent] ReplicatedStorage.GameEvents.SmithingFeverSpawnHammer
[RemoteEvent] ReplicatedStorage.GameEvents.Gift.SendGiftTo
[RemoteEvent] ReplicatedStorage.GameEvents.Gift.GiftPrompted
[RemoteEvent] ReplicatedStorage.GameEvents.Market.FakePurchase
[RemoteEvent] ReplicatedStorage.GameEvents.Market.PromptPurchase
[RemoteEvent] ReplicatedStorage.GameEvents.Tutorial.Start
[RemoteEvent] ReplicatedStorage.GameEvents.InfinitePack.Claim
[RemoteEvent] ReplicatedStorage.GameEvents.InfinitePack.EventClaim
[RemoteEvent] ReplicatedStorage.GameEvents.InfinitePack.AdRewardsClaim
[RemoteEvent] ReplicatedStorage.GameEvents.InfinitePack.ShowAdReward
[RemoteEvent] ReplicatedStorage.GameEvents.SeedPack.SpinFinished
[RemoteEvent] ReplicatedStorage.GameEvents.SeedPack.Open
[RemoteEvent] ReplicatedStorage.GameEvents.SeedPack.Result
[RemoteEvent] ReplicatedStorage.GameEvents.DailyQuests.Claim
[RemoteEvent] ReplicatedStorage.GameEvents.Crops.Collect
[RemoteEvent] ReplicatedStorage.GameEvents.Expansions.Expand
[RemoteEvent] ReplicatedStorage.GameEvents.Expansions.SkipTimer
[RemoteEvent] ReplicatedStorage.GameEvents.FoodRewardsService_RE
[RemoteEvent] ReplicatedStorage.GameEvents.SellFood_RE
[RemoteEvent] ReplicatedStorage.GameEvents.ChooseRewardsUI
[RemoteEvent] ReplicatedStorage.GameEvents.GardenGame.Spin
[RemoteEvent] ReplicatedStorage.GameEvents.PetCooldownsUpdated
[RemoteFunction] ReplicatedStorage.GameEvents.WaterYourGardens
[RemoteEvent] ReplicatedStorage.GameEvents.DayChanged_RE
[RemoteEvent] ReplicatedStorage.GameEvents.PetNameRerollerActivated
[RemoteEvent] ReplicatedStorage.GameEvents.PetLeadService_RE
[RemoteEvent] ReplicatedStorage.GameEvents.RemoteEvent
[RemoteEvent] ReplicatedStorage.GameEvents.SellPet_RE
[RemoteEvent] ReplicatedStorage.GameEvents.SellAllPets_RE
[RemoteEvent] ReplicatedStorage.GameEvents.FertilizerService_RE
[RemoteEvent] ReplicatedStorage.GameEvents.PetPouchUse
[RemoteEvent] ReplicatedStorage.GameEvents.FenceSkinService.Equip
[RemoteEvent] ReplicatedStorage.GameEvents.FairyNetActivated
[RemoteEvent] ReplicatedStorage.GameEvents.AchievementService.Claim
[RemoteEvent] ReplicatedStorage.GameEvents.RE_ExperienceGained
[RemoteEvent] ReplicatedStorage.GameEvents.FairySummonerActivated
[RemoteEvent] ReplicatedStorage.GameEvents.SetNPCBirthday_RE
[RemoteEvent] ReplicatedStorage.GameEvents.EndWeatherevent
[RemoteEvent] ReplicatedStorage.GameEvents.PetIncubatorService.InputPet
[RemoteEvent] ReplicatedStorage.GameEvents.PetIncubatorService.RemovePet
[RemoteEvent] ReplicatedStorage.GameEvents.PetIncubatorService.Boost
[RemoteEvent] ReplicatedStorage.GameEvents.PetIncubatorService.SubmitItem
[BindableEvent] ReplicatedStorage.GameEvents.CookingPotService_BE
[RemoteEvent] ReplicatedStorage.GameEvents.Greenbean
[RemoteEvent] ReplicatedStorage.GameEvents.PlayBeanSpeaker
[RemoteEvent] ReplicatedStorage.GameEvents.FeedNPC_RE
[RemoteEvent] ReplicatedStorage.GameEvents.UseKiteClient
[RemoteEvent] ReplicatedStorage.GameEvents.PetEggIncubatorService.Boost
[RemoteEvent] ReplicatedStorage.GameEvents.PetEggIncubatorService.SubmitItem
[RemoteEvent] ReplicatedStorage.GameEvents.PetEggIncubatorService.RemoveEgg
[RemoteEvent] ReplicatedStorage.GameEvents.PetEggIncubatorService.InputEgg
[RemoteEvent] ReplicatedStorage.GameEvents.Dev.DEV_SkipDailyQuests
[RemoteEvent] ReplicatedStorage.GameEvents.BeanResonance
[RemoteEvent] ReplicatedStorage.GameEvents.BeanStrike
[RemoteEvent] ReplicatedStorage.GameEvents.TryUseGear
[RemoteEvent] ReplicatedStorage.GameEvents.BuyGardenCoinShopStock
[RemoteEvent] ReplicatedStorage.GameEvents.FairyJarActivated
[RemoteEvent] ReplicatedStorage.GameEvents.FairyJarVisual
[RemoteEvent] ReplicatedStorage.GameEvents.EventPointTeleport
[RemoteEvent] ReplicatedStorage.GameEvents.CosmeticNotice
[RemoteEvent] ReplicatedStorage.GameEvents.FireDropTarget
[RemoteEvent] ReplicatedStorage.GameEvents.GlimmeringRadarReset
[RemoteEvent] ReplicatedStorage.GameEvents.GlimmeringRadarHighlight
[RemoteEvent] ReplicatedStorage.GameEvents.GlimmeringRadarCollectSound
[RemoteEvent] ReplicatedStorage.GameEvents.StartGlimmeringRadarScan
[RemoteEvent] ReplicatedStorage.GameEvents.FinishGlimmeringRadarScan
[RemoteEvent] ReplicatedStorage.GameEvents.FairyTargeterService
[RemoteEvent] ReplicatedStorage.GameEvents.FireflyJarVisual
[RemoteEvent] ReplicatedStorage.GameEvents.FireflyJarActivated
[RemoteEvent] ReplicatedStorage.GameEvents.TryMapleSyrup
[RemoteEvent] ReplicatedStorage.GameEvents.TryHarvestBasket
[RemoteEvent] ReplicatedStorage.GameEvents.BonfireService
[RemoteEvent] ReplicatedStorage.GameEvents.KiteActivated
[RemoteEvent] ReplicatedStorage.GameEvents.KiteDeactivated
[RemoteEvent] ReplicatedStorage.GameEvents.CreateKiteClient
[RemoteEvent] ReplicatedStorage.GameEvents.RemoveKiteClient
[RemoteEvent] ReplicatedStorage.GameEvents.KiteEquipped
[RemoteEvent] ReplicatedStorage.GameEvents.KiteUnequipped
[RemoteEvent] ReplicatedStorage.GameEvents.TryRake
[RemoteEvent] ReplicatedStorage.GameEvents.TryGoldenAcorn
[RemoteEvent] ReplicatedStorage.GameEvents.PlayerTeleportTriggered
[RemoteEvent] ReplicatedStorage.GameEvents.ShecklesGunActivated
[RemoteEvent] ReplicatedStorage.GameEvents.ClaimLeafBlower
[RemoteEvent] ReplicatedStorage.GameEvents.GrowAllToolActivated
[RemoteEvent] ReplicatedStorage.GameEvents.SuperLeafBlowerActivated
[BindableEvent] ReplicatedStorage.GameEvents.OnRakeDestroy
[RemoteEvent] ReplicatedStorage.GameEvents.TrySuperWateringCan
[RemoteEvent] ReplicatedStorage.GameEvents.OfferingWeather
[RemoteEvent] ReplicatedStorage.GameEvents.PetAgeLimitBreak_Claim
[RemoteEvent] ReplicatedStorage.GameEvents.SeasonPass.BuySeasonPassStock
[RemoteEvent] ReplicatedStorage.GameEvents.SeasonPass.ClaimSeasonPassInfReward
[RemoteEvent] ReplicatedStorage.GameEvents.SeasonPass.ClaimSeasonPassQuest
[RemoteEvent] ReplicatedStorage.GameEvents.SeasonPass.ClaimSeasonPassReward
[RemoteEvent] ReplicatedStorage.GameEvents.SeasonPass.ProgressSeasonPassBar
[BindableEvent] ReplicatedStorage.GameEvents.SeasonPass.DailyQuestProgressSeasonPass
[RemoteEvent] ReplicatedStorage.GameEvents.SeasonPass.UpdateSeasonPass
[RemoteFunction] ReplicatedStorage.GameEvents.SeasonPass.GetPlayersWithSeasonPass
[RemoteEvent] ReplicatedStorage.GameEvents.StrobePartyWeather
[RemoteEvent] ReplicatedStorage.GameEvents.ErrorRelay
[RemoteEvent] ReplicatedStorage.GameEvents.ClaimChipmunkRewards
[RemoteEvent] ReplicatedStorage.GameEvents.SeedRainEvent
[RemoteEvent] ReplicatedStorage.GameEvents.BuyCosmeticShopFence
[RemoteEvent] ReplicatedStorage.GameEvents.SubmitChipmunkFruit
[RemoteEvent] ReplicatedStorage.GameEvents.RestartChipmunkTrack
[RemoteEvent] ReplicatedStorage.GameEvents.SubmitJackOLanternItem
[RemoteEvent] ReplicatedStorage.GameEvents.PetAgeLimitBreak_SubmitHeld
[RemoteEvent] ReplicatedStorage.GameEvents.BuyDailySeedShopStock
[RemoteEvent] ReplicatedStorage.GameEvents.BatAttackEvent
[RemoteEvent] ReplicatedStorage.GameEvents.JackoLanternSpeak
[RemoteEvent] ReplicatedStorage.GameEvents.ClaimDeadTree
[RemoteEvent] ReplicatedStorage.GameEvents.DeadTreeStockUpdated
[RemoteEvent] ReplicatedStorage.GameEvents.DiggingMiniGame.DigRemoteEvent
[RemoteFunction] ReplicatedStorage.GameEvents.DiggingMiniGame.DigRemoteFunction
[RemoteEvent] ReplicatedStorage.GameEvents.DiggingMiniGame.RestartDiggingSheckles
[RemoteEvent] ReplicatedStorage.GameEvents.TradeEvents.RespondRequest
[RemoteEvent] ReplicatedStorage.GameEvents.TradeEvents.SendRequest
[RemoteEvent] ReplicatedStorage.GameEvents.TradeEvents.UpdateTradeState
[RemoteEvent] ReplicatedStorage.GameEvents.TradeEvents.Accept
[RemoteEvent] ReplicatedStorage.GameEvents.TradeEvents.Decline
[RemoteEvent] ReplicatedStorage.GameEvents.TradeEvents.AddItem
[RemoteEvent] ReplicatedStorage.GameEvents.TradeEvents.RemoveItem
[RemoteEvent] ReplicatedStorage.GameEvents.TradeEvents.Confirm
[RemoteEvent] ReplicatedStorage.GameEvents.TradeEvents.SetSheckles
[RemoteEvent] ReplicatedStorage.GameEvents.TradeEvents.SetTokens
[RemoteFunction] ReplicatedStorage.GameEvents.TradeEvents.FetchHistory
[RemoteEvent] ReplicatedStorage.GameEvents.TradeEvents.AddToHistory
[RemoteFunction] ReplicatedStorage.GameEvents.TradeEvents.ViewInventory
[RemoteEvent] ReplicatedStorage.GameEvents.TradeEvents.SetViewInventoryPermission
[RemoteEvent] ReplicatedStorage.GameEvents.TradeEvents.RequestPin
[RemoteEvent] ReplicatedStorage.GameEvents.TradeEvents.SetUnfairTradeWarning
[RemoteFunction] ReplicatedStorage.GameEvents.TradeEvents.SetPin
[RemoteFunction] ReplicatedStorage.GameEvents.TradeEvents.DisablePin
[RemoteFunction] ReplicatedStorage.GameEvents.TradeEvents.ReplyPinRequest
[RemoteFunction] ReplicatedStorage.GameEvents.TradeEvents.Booths.CreateListing
[RemoteFunction] ReplicatedStorage.GameEvents.TradeEvents.Booths.RemoveListing
[RemoteFunction] ReplicatedStorage.GameEvents.TradeEvents.Booths.BuyListing
[RemoteEvent] ReplicatedStorage.GameEvents.TradeEvents.Booths.ClaimBooth
[RemoteEvent] ReplicatedStorage.GameEvents.TradeEvents.Booths.RemoveBooth
[RemoteFunction] ReplicatedStorage.GameEvents.TradeEvents.Booths.FetchHistory
[RemoteEvent] ReplicatedStorage.GameEvents.TradeEvents.Booths.AddToHistory
[RemoteFunction] ReplicatedStorage.GameEvents.TradeEvents.TokenRAPs.FindSellers
[RemoteFunction] ReplicatedStorage.GameEvents.TradeEvents.TokenRAPs.TeleportToListing
[RemoteFunction] ReplicatedStorage.GameEvents.TradeEvents.TokenRAPs.GetItemRAPHistory
[RemoteFunction] ReplicatedStorage.GameEvents.TradeEvents.TokenRAPs.GetItemRAPById
[RemoteFunction] ReplicatedStorage.GameEvents.TradeEvents.TradeTokens.Purchase
[RemoteFunction] ReplicatedStorage.GameEvents.TradeEvents.TradeTokens.CanPurchase
[RemoteEvent] ReplicatedStorage.GameEvents.StartRadarScan
[RemoteEvent] ReplicatedStorage.GameEvents.RadarCollectSound
[RemoteEvent] ReplicatedStorage.GameEvents.CycleHandler.CycleForceStarted
[RemoteEvent] ReplicatedStorage.GameEvents.CycleHandler.CycleForceEnded
[RemoteEvent] ReplicatedStorage.GameEvents.CycleHandler.CycleForceStateCleared
[RemoteFunction] ReplicatedStorage.GameEvents.GetDeadTreeGlobalStock
[RemoteEvent] ReplicatedStorage.GameEvents.RCSafariJeep.ShowUI
[RemoteEvent] ReplicatedStorage.GameEvents.RCSafariJeep.Input
[RemoteEvent] ReplicatedStorage.GameEvents.FruitBatAttack
[RemoteEvent] ReplicatedStorage.GameEvents.VampireBatThirst
[RemoteEvent] ReplicatedStorage.GameEvents.RainGlassAnimal
[RemoteEvent] ReplicatedStorage.GameEvents.LichCrystalPrompt
[RemoteEvent] ReplicatedStorage.GameEvents.LichCrystalVisuals
[RemoteEvent] ReplicatedStorage.GameEvents.SellPetShopSelected
[RemoteEvent] ReplicatedStorage.GameEvents.PetAgeLimitBreak_Skip
[RemoteEvent] ReplicatedStorage.GameEvents.PlayPetSpawnFX
[RemoteEvent] ReplicatedStorage.GameEvents.UpdateServiceForceUpdated
[RemoteEvent] ReplicatedStorage.GameEvents.SmithingEvent.Smithing_SubmitFruitRE
[RemoteEvent] ReplicatedStorage.GameEvents.SmithingEvent.Smithing_SubmitGearRE
[RemoteEvent] ReplicatedStorage.GameEvents.SmithingEvent.Smithing_SkipRE
[RemoteEvent] ReplicatedStorage.GameEvents.SmithingEvent.Smithing_SubmitPetRE
[RemoteEvent] ReplicatedStorage.GameEvents.SmithingEvent.Smithing_SubmitStationRE
[RemoteFunction] ReplicatedStorage.GameEvents.CosmeticEffectEvents.PlayCosmeticFX
[RemoteEvent] ReplicatedStorage.GameEvents.FirstTimeItemService.Complete
[RemoteEvent] ReplicatedStorage.GameEvents.ClaimAdminQuestReward
[BindableEvent] ReplicatedStorage.GameEvents.Favorite_Item_BE
[RemoteEvent] ReplicatedStorage.GameEvents.PlantSeedAnimation
[RemoteEvent] ReplicatedStorage.GameEvents.CollectAllAnimation
[BindableEvent] ReplicatedStorage.GameEvents.ABTestingEvents.ReSetupShopFrames
[BindableEvent] ReplicatedStorage.GameEvents.ABTestingEvents.HideInventoryItem
[RemoteEvent] ReplicatedStorage.GameEvents.RewardedAdEvent
[RemoteEvent] ReplicatedStorage.GameEvents.PetAgeLimitBreak_Submit
[RemoteEvent] ReplicatedStorage.GameEvents.PetAgeLimitBreak_Cancel
[RemoteEvent] ReplicatedStorage.GameEvents.TradeWorld.TravelToTradeWorld
[RemoteEvent] ReplicatedStorage.GameEvents.TradeWorld.TravelToMainWorld
[BindableEvent] ReplicatedStorage.GameEvents.TradeWorld.SetRAPAsync
[RemoteEvent] ReplicatedStorage.GameEvents.PlaySoundNew
[RemoteEvent] ReplicatedStorage.GameEvents.ChimeraVisuals
[RemoteEvent] ReplicatedStorage.GameEvents.ChimeraStonePrompt
[RemoteEvent] ReplicatedStorage.GameEvents.TraderEvent.Trader_SubmitFruitRE
[RemoteEvent] ReplicatedStorage.GameEvents.TraderEvent.Trader_SkipRE
[RemoteEvent] ReplicatedStorage.GameEvents.TraderEvent.Trader_UpdateGuiRE
[RemoteEvent] ReplicatedStorage.GameEvents.TraderEvent.Trader_RestoreStreakRE
[RemoteEvent] ReplicatedStorage.GameEvents.TraderEvent.Trader_DisplayLostRE
[RemoteEvent] ReplicatedStorage.GameEvents.TraderEvent.Trader_SubmitBarginBillRE
[RemoteEvent] ReplicatedStorage.GameEvents.SlieghPrompt
[RemoteEvent] ReplicatedStorage.GameEvents.TradeBoothSkinService.Equip
[RemoteFunction] ReplicatedStorage.GameEvents.RequestItemInstance
[RemoteEvent] ReplicatedStorage.GameEvents.ConfirmItemInstanceClaim
[RemoteEvent] ReplicatedStorage.GameEvents.TweenEvent
[RemoteEvent] ReplicatedStorage.GameEvents.SnowballFight
[RemoteEvent] ReplicatedStorage.GameEvents.ChristmasEvent.ClaimAdventCalendarDay
[RemoteEvent] ReplicatedStorage.GameEvents.ChristmasEvent.ClaimAdventCalendarFinalReward
[RemoteEvent] ReplicatedStorage.GameEvents.ChristmasEvent.RobuxClaimAdventCalendarDay
[RemoteEvent] ReplicatedStorage.GameEvents.ChristmasEvent.ChristmasGiftNPC
[RemoteEvent] ReplicatedStorage.GameEvents.ChristmasEvent.Christmas_SubmitAll
[RemoteEvent] ReplicatedStorage.GameEvents.ChristmasEvent.Christmas_SubmitHeld
[RemoteEvent] ReplicatedStorage.GameEvents.ChristmasEvent.Christmas_Skip
[RemoteEvent] ReplicatedStorage.GameEvents.ChristmasEvent.AdventTokenClaimAdventCalendarDay
[RemoteEvent] ReplicatedStorage.GameEvents.ChristmasEvent.ChristmasGiftV2_Skip
[RemoteEvent] ReplicatedStorage.GameEvents.ChristmasEvent.ChristmasGiftV2_SubmitAll
[RemoteEvent] ReplicatedStorage.GameEvents.ChristmasEvent.ChristmasGiftV2_SubmitHeld
[RemoteEvent] ReplicatedStorage.GameEvents.ChristmasEvent.ChristmasGiftV2_Repeat
[RemoteEvent] ReplicatedStorage.GameEvents.ChristmasEvent.SantaIsHereEventOpenedPresent
[RemoteEvent] ReplicatedStorage.GameEvents.ChristmasEvent.SantaIsHereEventSpawnPresent
[RemoteEvent] ReplicatedStorage.GameEvents.ChristmasEvent.AdventRestoreAll
[RemoteEvent] ReplicatedStorage.GameEvents.ChristmasEvent.ChristmasTree_SubmitHeld
[RemoteEvent] ReplicatedStorage.GameEvents.ChristmasEvent.ChristmasTree_SubmitAll
[RemoteEvent] ReplicatedStorage.GameEvents.ChristmasEvent.ChristmasTree_ClaimRewardTrack
[RemoteEvent] ReplicatedStorage.GameEvents.ChristmasEvent.ChristmasCrackerEventOpenPresent
[RemoteEvent] ReplicatedStorage.GameEvents.ChristmasEvent.ChristmasTree_ClaimSeed
[RemoteEvent] ReplicatedStorage.GameEvents.ChristmasEvent.ChristmasCrackerEventOpenedCracker
[RemoteEvent] ReplicatedStorage.GameEvents.ChristmasEvent.FireTreeNPCSubmitVisuals
[RemoteEvent] ReplicatedStorage.GameEvents.ChristmasEvent.FireChristmasTreeSeedClaimVisuals
[RemoteEvent] ReplicatedStorage.GameEvents.ChristmasEvent.PurchaseLimitedSeed
[RemoteEvent] ReplicatedStorage.GameEvents.ChristmasEvent.FireChristmasTreeGrowKitVisuals
[RemoteEvent] ReplicatedStorage.GameEvents.ChristmasEvent.WonderWaterSkipSubmission
[RemoteEvent] ReplicatedStorage.GameEvents.AdminMachineHandler
[RemoteEvent] ReplicatedStorage.GameEvents.SendClientGenericGearData
[RemoteEvent] ReplicatedStorage.GameEvents.Set_Map_Christmas
[RemoteFunction] ReplicatedStorage.GameEvents.GardenGuide.GetGGBlacklist
[RemoteEvent] ReplicatedStorage.GameEvents.GardenGuide.GardenGuide_RE_MarkOffNew
[RemoteEvent] ReplicatedStorage.GameEvents.GardenGuide.ToggleBook
[RemoteEvent] ReplicatedStorage.GameEvents.TryUsePlaceableGear
[BindableEvent] ReplicatedStorage.GameEvents.OnShovelDestroy
[RemoteEvent] ReplicatedStorage.GameEvents.ConfirmationPromptOpen
[RemoteEvent] ReplicatedStorage.GameEvents.ConfirmationPromptUpdateText
[RemoteEvent] ReplicatedStorage.GameEvents.ConfirmationPromptClose
[RemoteEvent] ReplicatedStorage.GameEvents.AdminMachineUpdateBoost
[RemoteEvent] ReplicatedStorage.GameEvents.AdminMachineUpdateUI
[RemoteEvent] ReplicatedStorage.GameEvents.TreeInteract
[RemoteEvent] ReplicatedStorage.GameEvents.SleighPrompt
[RemoteEvent] ReplicatedStorage.GameEvents.CompleteChristmasStockingTutorial
[RemoteEvent] ReplicatedStorage.GameEvents.RunTreeGrowKitAnimation
[RemoteEvent] ReplicatedStorage.GameEvents.GiantSnowballDodge
[RemoteEvent] ReplicatedStorage.GameEvents.CompleteWonderWaterTutorial
[RemoteEvent] ReplicatedStorage.GameEvents.ChamberstickPrompt
[RemoteEvent] ReplicatedStorage.GameEvents.MythicalSeedRainEvent
[RemoteEvent] ReplicatedStorage.GameEvents.DivineSeedRainEvent
[RemoteEvent] ReplicatedStorage.GameEvents.PrismaticSeedRainEvent
[RemoteFunction] ReplicatedStorage.GameEvents.RequestRedemption
[BindableEvent] ReplicatedStorage.GameEvents.ClaimDLCBindable
[RemoteEvent] ReplicatedStorage.GameEvents.SpawnWhalePod
[RemoteEvent] ReplicatedStorage.GameEvents.RemoveBarnacle
[RemoteEvent] ReplicatedStorage.GameEvents.Plant.Update
[BindableEvent] ReplicatedStorage.GameEvents.Plant.PlantPassiveProxy
[RemoteEvent] ReplicatedStorage.GameEvents.GiveawayConfirmationEvent
[RemoteEvent] ReplicatedStorage.GameEvents.ExperienceNotificationServicePrompterController
[RemoteEvent] ReplicatedStorage.GameEvents.DataStream2
[RemoteEvent] ReplicatedStorage.GameEvents.BuyEventShopRestock
[RemoteEvent] ReplicatedStorage.GameEvents.Fire_TheCarrot
[RemoteEvent] ReplicatedStorage.GameEvents.HapticEvent
[RemoteEvent] ReplicatedStorage.GameEvents.PlantBoostServiceEvents.Boost
[RemoteEvent] ReplicatedStorage.GameEvents.PetMutationClaimAnimation
[RemoteEvent] ReplicatedStorage.GameEvents.PetMutationMachineService_RE
[RemoteEvent] ReplicatedStorage.GameEvents.PetMutationHandler
[RemoteEvent] ReplicatedStorage.GameEvents.Quests.Claim
[BindableEvent] ReplicatedStorage.GameEvents.FriendboundEvent
[RemoteEvent] ReplicatedStorage.GameEvents.PetBoostService
[RemoteEvent] ReplicatedStorage.GameEvents.PhysicalFirework
[RemoteEvent] ReplicatedStorage.GameEvents.FireworkVisual
[RemoteEvent] ReplicatedStorage.GameEvents.RestartDinoTrack
[RemoteFunction] ReplicatedStorage.GameEvents.ClaimDinoQuest
[RemoteEvent] ReplicatedStorage.GameEvents.FireworkLaunch
[RemoteEvent] ReplicatedStorage.GameEvents.GuestEventServices.CommandRequestController.RemoveCommandRequest
[RemoteEvent] ReplicatedStorage.GameEvents.GuestEventServices.CommandRequestController.CreateCommandRequest
[RemoteEvent] ReplicatedStorage.GameEvents.GuestEventServices.CommandRequestService.RequestCommand
[RemoteEvent] ReplicatedStorage.GameEvents.GuestEventServices.CommandRequestService.DenyCommand
[RemoteEvent] ReplicatedStorage.GameEvents.GuestEventServices.CommandRequestService.AuthorizeCommand
[RemoteEvent] ReplicatedStorage.GameEvents.GuestEventServices.GlobalChatController.RemoveAuthorizerMessage
[RemoteEvent] ReplicatedStorage.GameEvents.GuestEventServices.GlobalChatController.CreateAuthorizerMessage
[RemoteEvent] ReplicatedStorage.GameEvents.GuestEventServices.GlobalChatService.DenyMessage
[RemoteEvent] ReplicatedStorage.GameEvents.GuestEventServices.GlobalChatService.AuthorizeMessage
[RemoteEvent] ReplicatedStorage.GameEvents.GuestEventServices.GlobalChatService.QueueChatMessage
[RemoteEvent] ReplicatedStorage.GameEvents.HoneyMerchantSubmit_RE
[RemoteEvent] ReplicatedStorage.GameEvents.MagnifyingGlassService_RE
[RemoteEvent] ReplicatedStorage.GameEvents.BuyTravelingMerchantShopStock
[RemoteEvent] ReplicatedStorage.GameEvents.InventorySortingServiceEvents.MoveEntry
[RemoteEvent] ReplicatedStorage.GameEvents.RefreshPetModel
[RemoteEvent] ReplicatedStorage.GameEvents.SummerHarvestSubmitRemoteEvent
[RemoteEvent] ReplicatedStorage.GameEvents.SummerHarvestRewardRemoteEvent
[RemoteEvent] ReplicatedStorage.GameEvents.PromptRSVP
[RemoteEvent] ReplicatedStorage.GameEvents.TanningMirrorService
[RemoteEvent] ReplicatedStorage.GameEvents.DiscoSetColor_RE
[RemoteEvent] ReplicatedStorage.GameEvents.MeteorStrike
[RemoteEvent] ReplicatedStorage.GameEvents.SetTutorialFinished
[BindableEvent] ReplicatedStorage.GameEvents.HideCancelCraftingBindableEvent
[BindableEvent] ReplicatedStorage.GameEvents.ShowCancelCraftingBindableEvent
[RemoteEvent] ReplicatedStorage.GameEvents.SprayService_RE
[RemoteEvent] ReplicatedStorage.GameEvents.CraftingFailedRemoteEvent
[BindableEvent] ReplicatedStorage.GameEvents.OpenRecipeBindableEvent
[BindableEvent] ReplicatedStorage.GameEvents.SelectCraftingRecipeBindableEvent
[RemoteFunction] ReplicatedStorage.GameEvents.GetPetCooldown
[RemoteEvent] ReplicatedStorage.GameEvents.CraftingGlobalObjectService
[RemoteEvent] ReplicatedStorage.GameEvents.UpdateFriendState
[RemoteEvent] ReplicatedStorage.GameEvents.PromptStarterPack
[RemoteEvent] ReplicatedStorage.GameEvents.SunStrike
[RemoteEvent] ReplicatedStorage.GameEvents.SunResonance
[BindableEvent] ReplicatedStorage.GameEvents.HoneyCrafterBindableEvent
[RemoteEvent] ReplicatedStorage.GameEvents.FriendPotLinkEnded_RE
[RemoteFunction] ReplicatedStorage.GameEvents.LikeGarden
[RemoteEvent] ReplicatedStorage.GameEvents.FriendPotLink_RE
[RemoteEvent] ReplicatedStorage.GameEvents.PollenRadarReset
[RemoteEvent] ReplicatedStorage.GameEvents.HoneyCrafterRemoteEvent
[RemoteEvent] ReplicatedStorage.GameEvents.PollenRadarCollectSound
[RemoteEvent] ReplicatedStorage.GameEvents.FriendshipPotToolService_RE
[RemoteEvent] ReplicatedStorage.GameEvents.FriendshipPotService_RE
[RemoteEvent] ReplicatedStorage.GameEvents.FinishPollenRadarScan
[RemoteEvent] ReplicatedStorage.GameEvents.StartPollenRadarScan
[RemoteEvent] ReplicatedStorage.GameEvents.NectorStaffRemoteEvent
[RemoteEvent] ReplicatedStorage.GameEvents.PollenRadarHighlight
[RemoteFunction] ReplicatedStorage.GameEvents.CanSeeShopPack
[RemoteEvent] ReplicatedStorage.GameEvents.CosmeticUpgradeService
[RemoteEvent] ReplicatedStorage.GameEvents.EggTutorial
[RemoteEvent] ReplicatedStorage.GameEvents.SwarmFly
[RemoteEvent] ReplicatedStorage.GameEvents.DeleteObject
[RemoteEvent] ReplicatedStorage.GameEvents.BeeBolt
[RemoteEvent] ReplicatedStorage.GameEvents.BuyNightEventShopStock
[RemoteEvent] ReplicatedStorage.GameEvents.BuyCosmeticItem
[RemoteEvent] ReplicatedStorage.GameEvents.BuyCosmeticCrate
[RemoteEvent] ReplicatedStorage.GameEvents.CosmeticService
[RemoteEvent] ReplicatedStorage.GameEvents.RefreshActivePetsUI
[RemoteEvent] ReplicatedStorage.GameEvents.CosmeticPhysicalityService
[RemoteEvent] ReplicatedStorage.GameEvents.JandelCharge
[RemoteEvent] ReplicatedStorage.GameEvents.LightningBoltWithNoFlash
[RemoteEvent] ReplicatedStorage.GameEvents.ReplicationChannel
[RemoteEvent] ReplicatedStorage.GameEvents.CutsceneHandler
[BindableEvent] ReplicatedStorage.GameEvents.FoodCriticUpdateCraving
[RemoteEvent] ReplicatedStorage.GameEvents.FriendInvitePrompterService
[RemoteFunction] ReplicatedStorage.GameEvents.HarvestRemote
[RemoteEvent] ReplicatedStorage.GameEvents.BuyRebirth
[RemoteEvent] ReplicatedStorage.GameEvents.CrateReadyToOpen_RE
[RemoteEvent] ReplicatedStorage.GameEvents.CosmeticCrateService
[RemoteEvent] ReplicatedStorage.GameEvents.CosmeticCrateSkipped
[RemoteEvent] ReplicatedStorage.GameEvents.StarCallerService
[RemoteEvent] ReplicatedStorage.GameEvents.MeteorShower
[RemoteEvent] ReplicatedStorage.GameEvents.SummerHarvestRemoteEvent
[RemoteEvent] ReplicatedStorage.GameEvents.ReclaimerService_RE
[RemoteEvent] ReplicatedStorage.GameEvents.SendClientSpecialEvent
[RemoteEvent] ReplicatedStorage.GameEvents.ClaimableCodeService
[RemoteEvent] ReplicatedStorage.GameEvents.NightStaffRemoteEvent
[RemoteEvent] ReplicatedStorage.GameEvents.HighlightRemote
[RemoteEvent] ReplicatedStorage.GameEvents.SettingsService
[RemoteFunction] ReplicatedStorage.GameEvents.FavoriteToolRemote
[RemoteEvent] ReplicatedStorage.GameEvents.NightQuestRemoteEvent
[RemoteEvent] ReplicatedStorage.GameEvents.SpecialEventStarted
[RemoteEvent] ReplicatedStorage.GameEvents.UnlockSlotFromPet
[RemoteEvent] ReplicatedStorage.GameEvents.RecallWrenchTeleport
[RemoteEvent] ReplicatedStorage.GameEvents.PetSkipped
[RemoteEvent] ReplicatedStorage.GameEvents.AcceptPetGift
[RemoteEvent] ReplicatedStorage.GameEvents.GiftPet
[RemoteEvent] ReplicatedStorage.GameEvents.PetZoneAbility
[RemoteEvent] ReplicatedStorage.GameEvents.PetGiftingService
[RemoteFunction] ReplicatedStorage.GameEvents.GiantSwordPull
[RemoteEvent] ReplicatedStorage.GameEvents.ShecklesClient
[RemoteEvent] ReplicatedStorage.GameEvents.EggReadyToHatch_RE
[RemoteEvent] ReplicatedStorage.GameEvents.PetEggService
[RemoteEvent] ReplicatedStorage.GameEvents.BuyPetEgg
[BindableFunction] ReplicatedStorage.GameEvents.TriggerPlantSpitEvent
[RemoteEvent] ReplicatedStorage.GameEvents.LeafBlowerActivated
[RemoteEvent] ReplicatedStorage.GameEvents.FireDrop
[BindableFunction] ReplicatedStorage.GameEvents.TriggerPlantBiteEvent
[RemoteEvent] ReplicatedStorage.GameEvents.WeatherEventStarted
[RemoteEvent] ReplicatedStorage.GameEvents.PetsService
[RemoteEvent] ReplicatedStorage.GameEvents.SprinklerService
[RemoteEvent] ReplicatedStorage.GameEvents.SeedPackGiverEvent
[RemoteEvent] ReplicatedStorage.GameEvents.UnlockEventShopRemote
[RemoteEvent] ReplicatedStorage.GameEvents.SpawnCollectableSeed
[BindableFunction] ReplicatedStorage.GameEvents.TriggerHoneyCrafterAnimation
[RemoteEvent] ReplicatedStorage.GameEvents.ActivePetService
[RemoteEvent] ReplicatedStorage.GameEvents.SortBackpackEvent
[RemoteEvent] ReplicatedStorage.GameEvents.LoadScreenEvent
[RemoteEvent] ReplicatedStorage.GameEvents.DeveloperPurchase
[BindableEvent] ReplicatedStorage.GameEvents.PickupEvent
[RemoteEvent] ReplicatedStorage.GameEvents.FriendGiftEvent
[RemoteEvent] ReplicatedStorage.GameEvents.HoneyMachineService_RE
[RemoteEvent] ReplicatedStorage.GameEvents.LightningRodService
[RemoteFunction] ReplicatedStorage.GameEvents.TrowelRemote
[RemoteEvent] ReplicatedStorage.GameEvents.PickupSound
[RemoteEvent] ReplicatedStorage.GameEvents.Close_Frames
[RemoteEvent] ReplicatedStorage.GameEvents.BuyEventShopStock
[RemoteEvent] ReplicatedStorage.GameEvents.Water_RE
[RemoteEvent] ReplicatedStorage.GameEvents.Start_Cutscene
[RemoteEvent] ReplicatedStorage.GameEvents.Sprinkler_RE
[RemoteEvent] ReplicatedStorage.GameEvents.ClaimChipmunkPet
[RemoteEvent] ReplicatedStorage.GameEvents.Send_Rating
[RemoteEvent] ReplicatedStorage.GameEvents.SendClientWeatherEvents
[RemoteEvent] ReplicatedStorage.GameEvents.Purchase_Object
[RemoteEvent] ReplicatedStorage.GameEvents.Sell_Item
[RemoteEvent] ReplicatedStorage.GameEvents.Sell_Inventory
[RemoteEvent] ReplicatedStorage.GameEvents.BuyEasterStock
[RemoteEvent] ReplicatedStorage.GameEvents.Prompt_Friend
[RemoteEvent] ReplicatedStorage.GameEvents.Pop_Effect
[RemoteEvent] ReplicatedStorage.GameEvents.Plant_RE
[RemoteEvent] ReplicatedStorage.GameEvents.PlaySound
[RemoteEvent] ReplicatedStorage.GameEvents.Notification
[RemoteEvent] ReplicatedStorage.GameEvents.LightningBolt
[RemoteEvent] ReplicatedStorage.GameEvents.Remove_Item
[RemoteEvent] ReplicatedStorage.GameEvents.Finish_Loading
[RemoteEvent] ReplicatedStorage.GameEvents.Favorite_Item
[RemoteEvent] ReplicatedStorage.GameEvents.Enable_Top_Frame
[RemoteEvent] ReplicatedStorage.GameEvents.DevRestockGearShop
[RemoteEvent] ReplicatedStorage.GameEvents.BuySeedStock
[RemoteEvent] ReplicatedStorage.GameEvents.UpdateGearStock
[RemoteEvent] ReplicatedStorage.GameEvents.DisplayChatMessage
[RemoteEvent] ReplicatedStorage.GameEvents.BuyGearStock
[RemoteEvent] ReplicatedStorage.GameEvents.UpdateStock
[RemoteEvent] ReplicatedStorage.GameEvents.DataStream
[RemoteEvent] ReplicatedStorage.GameEvents.NewYearsEvent.RobuxClaimAdventCalendarDay
[RemoteEvent] ReplicatedStorage.GameEvents.NewYearsEvent.AdventRestoreAll
[RemoteEvent] ReplicatedStorage.GameEvents.NewYearsEvent.ClaimAdventCalendarFinalReward
[RemoteEvent] ReplicatedStorage.GameEvents.NewYearsEvent.ClaimAdventCalendarDay
[RemoteEvent] ReplicatedStorage.GameEvents.SpinnerGame
[RemoteEvent] ReplicatedStorage.GameEvents.HungryBirds.FeedBirds
[RemoteEvent] ReplicatedStorage.GameEvents.ButtercupEvent.BuyCrate
[RemoteEvent] ReplicatedStorage.GameEvents.ButtercupEvent.GiveButtercup
[RemoteEvent] ReplicatedStorage.GameEvents.ButtercupEvent.GiveBlackButtercupEvent
[RemoteEvent] ReplicatedStorage.GameEvents.AdRewardsWateringCan.WateringCanDataRefreshed
[RemoteEvent] ReplicatedStorage.GameEvents.AdRewardsWateringCan.ShowAdReward
[RemoteEvent] ReplicatedStorage.GameEvents.AdRewardsWateringCan.WateringCanClaim
[RemoteFunction] ReplicatedStorage.GameEvents.AdRewardsWateringCan.WateringCanGetData
[RemoteEvent] ReplicatedStorage.GameEvents.AdRewardsWateringCan.WateringCanClaimResult
[RemoteEvent] ReplicatedStorage.GameEvents.AdWeatherWater_RE
[RemoteFunction] ReplicatedStorage.GameEvents.AdRewardEvents.SaveTrigger
[RemoteFunction] ReplicatedStorage.GameEvents.AdRewardEvents.LoadTrigger
[RemoteEvent] ReplicatedStorage.GameEvents.AdRewardEvents.LogEvent
[RemoteFunction] ReplicatedStorage.GameEvents.AdRewardEvents.ABCheck
[RemoteEvent] ReplicatedStorage.GameEvents.CupidsArrows
[RemoteFunction] ReplicatedStorage.GameEvents.ValentinesEvent.GiveHeartstruckFruits
[RemoteEvent] ReplicatedStorage.GameEvents.ValentinesEvent.ClaimValentineReward
[RemoteEvent] ReplicatedStorage.GameEvents.ValentinesEvent.ClaimValentineReward2
[RemoteEvent] ReplicatedStorage.GameEvents.AdRewardsFastGrowCloud.ShowAdReward
[RemoteFunction] ReplicatedStorage.GameEvents.AlienEvent.GiveAlienatedPets
[RemoteEvent] ReplicatedStorage.GameEvents.AlienEvent.SubmitPet
[RemoteEvent] ReplicatedStorage.GameEvents.UFOWave
[RemoteEvent] ReplicatedStorage.GameEvents.RainbowBeam
[RemoteEvent] ReplicatedStorage.GameEvents.LeprechaunEvent.ForceEvent
[RemoteEvent] ReplicatedStorage.GameEvents.EasterEvent.EasterSellInventoryRE
[RemoteEvent] ReplicatedStorage.GameEvents.EasterEvent.EasterSellHeldRE
[RemoteEvent] ReplicatedStorage.GameEvents.EasterEvent.EasterEventPopupSeenRE
[RemoteEvent] ReplicatedStorage.GameEvents.EasterEvent.LoadEasterGardenRE
[BindableEvent] ReplicatedStorage.GameEvents.EasterEvent.EasterSignBE
[RemoteEvent] ReplicatedStorage.GameEvents.EasterEvent.LoadNormalGardenRE
[RemoteEvent] ReplicatedStorage.GameEvents.EasterEvent.OptInRE
[RemoteEvent] ReplicatedStorage.GameEvents.EasterEvent.EasterShowPopupRE
[RemoteEvent] ReplicatedStorage.GameEvents.EasterEvent.EasterHidePopupRE
[RemoteEvent] ReplicatedStorage.GameEvents.EasterEvent.TryBuyGoldenEggRE
[BindableEvent] ReplicatedStorage.GameEvents.EasterEvent.ToggleGoldenEggUIBE
[RemoteEvent] ReplicatedStorage.GameEvents.EasterEvent.EasterCheckHeldValueRE
[RemoteEvent] ReplicatedStorage.GameEvents.EasterEvent.LoadSpecialGardenRE
[RemoteEvent] ReplicatedStorage.GameEvents.EasterEvent.EasterThankYouReward
[RemoteFunction] ReplicatedStorage.GameEvents.Easter2026.EasterEventStartEggHunt
[RemoteFunction] ReplicatedStorage.GameEvents.Easter2026.CollectEasterEgg
[RemoteEvent] ReplicatedStorage.GameEvents.Easter2026.StartGlobalEggHunt
[RemoteEvent] ReplicatedStorage.GameEvents.Easter2026.PoofEffect
[RemoteEvent] ReplicatedStorage.GameEvents.Easter2026.ClearEasterEggs
[RemoteEvent] ReplicatedStorage.GameEvents.EggBoostServiceEvents.Boost
[RemoteEvent] ReplicatedStorage.GameEvents.OddsUI.OpenPetEggOddsRE
[RemoteEvent] ReplicatedStorage.GameEvents.OddsUI.OpenBeeEventEggOddsRE
[RemoteFunction] ReplicatedStorage.GameEvents.EvilBunny.EvilBunnyInteract
[RemoteFunction] ReplicatedStorage.GameEvents.EvilBunny.EvilBunnyGiveQuest
[RemoteFunction] ReplicatedStorage.GameEvents.EvilBunny.EvilBunnyClaim
[RemoteEvent] ReplicatedStorage.GameEvents.EvilBunny.EvilBunnyQuestComplete
[RemoteEvent] ReplicatedStorage.GameEvents.EasterRaffleService.SubmitEgg
[RemoteFunction] ReplicatedStorage.GameEvents.EasterRaffleService.GetRaffleDataAsync
[RemoteFunction] ReplicatedStorage.GameEvents.EasterRaffleService.GetPlayerRaffleDataAsync
[RemoteEvent] ReplicatedStorage.GameEvents.UpgraderEvents.Convert
[RemoteEvent] ReplicatedStorage.GameEvents.CandyBlossomCrafting.Submit
[RemoteEvent] ReplicatedStorage.GameEvents.CandyBlossomCrafting.Craft
[RemoteEvent] ReplicatedStorage.GameEvents.TeamEvents.CandyPackaging.SubmitHeldRE
[RemoteEvent] ReplicatedStorage.GameEvents.TeamEvents.CandyPackaging.SubmitAllRE
[RemoteEvent] ReplicatedStorage.GameEvents.TeamEvents.TeamEventParty.InvitePlayer
[RemoteEvent] ReplicatedStorage.GameEvents.TeamEvents.TeamEventParty.AcceptInvite
[RemoteEvent] ReplicatedStorage.GameEvents.TeamEvents.TeamEventParty.OnInviteReceived
[RemoteEvent] ReplicatedStorage.GameEvents.TeamEvents.TeamEventParty.OnInviteResult
[RemoteEvent] ReplicatedStorage.GameEvents.TeamEvents.TeamEventParty.RequestLeaveParty
[RemoteEvent] ReplicatedStorage.GameEvents.TeamEvents.UpdateTeamDataRE
[RemoteEvent] ReplicatedStorage.GameEvents.ExtendedServers.RequestTeleport
[RemoteEvent] ReplicatedStorage.GameEvents.ExtendedServers.RequestVisibilityChange
[RemoteEvent] ReplicatedStorage.GameEvents.BeeColonyStateService.Reliable
[RemoteEvent] ReplicatedStorage.GameEvents.PollState
[RemoteEvent] ReplicatedStorage.GameEvents.PollVote
[RemoteFunction] ReplicatedStorage.GameEvents.BeeColonyEggShopService.BuyBeeEggStock
[RemoteEvent] ReplicatedStorage.GameEvents.TeamEventEndOfWeekAwarderServiceRequest
[RemoteFunction] ReplicatedStorage.GameEvents.BeeSkillTreeService.PurchaseUpgrade
[RemoteEvent] ReplicatedStorage.GameEvents.BizzyBeeEvent.BizzyBeeEventPopupSeenRE
[BindableEvent] ReplicatedStorage.GameEvents.BizzyBeeEvent.BizzyBeeSignBE
[RemoteEvent] ReplicatedStorage.GameEvents.BizzyBeeEvent.BizzyBeeShowPopupRE
[RemoteEvent] ReplicatedStorage.GameEvents.BizzyBeeEvent.BizzyBeeHidePopupRE
[RemoteEvent] ReplicatedStorage.GameEvents.BizzyBeeEvent.PlaceBeeEggRE
[RemoteEvent] ReplicatedStorage.GameEvents.BizzyBeeEvent.DestroyBeeRE
[RemoteEvent] ReplicatedStorage.GameEvents.BizzyBeeEvent.ReplaceBeeRE
[RemoteEvent] ReplicatedStorage.GameEvents.BizzyBeeEvent.HatchBeeSwarmEgg
[RemoteEvent] ReplicatedStorage.GameEvents.BizzyBeeEvent.SkipBeeEggHatchTime
[RemoteEvent] ReplicatedStorage.GameEvents.BizzyBeeEvent.BeeColonyAbilityEffectsService
[RemoteEvent] ReplicatedStorage.GameEvents.HoneyMachine2026Service_RE
[RemoteEvent] ReplicatedStorage.GameEvents.BeeQueenHiveRemote
[RemoteEvent] ReplicatedStorage.GameEvents.SaveSlotService.RememberUnlockage
[RemoteEvent] ReplicatedStorage.GameEvents.SaveSlotService.PurchaseSlot
[RemoteEvent] ReplicatedStorage.GameEvents.SaveSlotService.RequestChangeSlots
[RemoteEvent] ReplicatedStorage.GameEvents.SaveSlotService.OptInToSpecialSlot
[RemoteEvent] ReplicatedStorage.GameEvents.BubbleBathEvent
[RemoteEvent] ReplicatedStorage.GameEvents.DominoesReportFall
[RemoteEvent] ReplicatedStorage.GameEvents.DominoesStart
[RemoteEvent] ReplicatedStorage.GameEvents.DominoesFell
[RemoteEvent] ReplicatedStorage.GameEvents.DominoesLayout
[RemoteEvent] ReplicatedStorage.GameEvents.NeonRainImpact
[RemoteEvent] ReplicatedStorage.GameEvents.ShredSoloBeam
[RemoteEvent] ReplicatedStorage.GameEvents.JS_JandelFound
[RemoteEvent] ReplicatedStorage.GameEvents.JB_Summit
[RemoteEvent] ReplicatedStorage.GameEvents.JB_ThrowItem
[RemoteEvent] ReplicatedStorage.GameEvents.JB_Sprinkle
[BindableEvent] ReplicatedStorage.Modules.BindToDestroy.Bind
[BindableEvent] ReplicatedStorage.Modules.WeightedTable.Event
[BindableEvent] ReplicatedStorage.Modules.WeightedTable.Event
[BindableFunction] ReplicatedStorage.Modules.UpdateService.Easter2026.EasterShop.Poppy.Animate.PlayEmote
[BindableFunction] ReplicatedStorage.Modules.UpdateService.Easter2026.EasterShop.Poppy.Animate.PlayEmote
[BindableFunction] ReplicatedStorage.Modules.UpdateService.Easter2026.EasterShop.Poppy.Animate.PlayEmote
[BindableFunction] ReplicatedStorage.Modules.PetEggShopController.Pet Stand.Raphael.Animate.PlayEmote
[RemoteEvent] ReplicatedStorage.PostieSent
[RemoteEvent] ReplicatedStorage.PostieReceived
[RemoteEvent] ReplicatedStorage.GameAnalyticsRemoteConfigs
[BindableEvent] ReplicatedStorage.OnPlayerReadyEvent
[RemoteEvent] ReplicatedStorage.GameAnalyticsError
[RemoteEvent] ReplicatedStorage.PhatMojoDLC.DLC_RedeemResult
[RemoteEvent] ReplicatedStorage.PhatMojoDLC.DLC_CodePreview
[RemoteEvent] ReplicatedStorage.PhatMojoDLC.DLC_ConfirmRedeem
[RemoteEvent] ReplicatedStorage.PhatMojoDLC.DLC_RedeemCode
[RemoteEvent] ReplicatedStorage.PhatMojoDLC.DLC_RedeemReward
[RemoteEvent] ReplicatedStorage.PhatMojoDLC.DLC_RequestInbox
[RemoteEvent] ReplicatedStorage.PhatMojoDLC.DLC_RewardNotification
[RemoteEvent] ReplicatedStorage.PhatMojoDLC.DLC_InboxUpdate
[BindableEvent] ReplicatedStorage.Api
[BindableFunction] ReplicatedStorage.GardenCoinShop.Orson.Animate.PlayEmote

===== WORKSPACE =====
[BindableFunction] Workspace.NPCS.Isaac.Animate.PlayEmote
[BindableFunction] Workspace.NPCS.Pet Stand.Raphael.Animate.PlayEmote
[BindableFunction] Workspace.NPCS.Eloise.Animate.PlayEmote
[BindableFunction] Workspace.Interaction.UpdateItems.BeeEvent.Beatrice.Animate.PlayEmote
[BindableFunction] Workspace.Interaction.UpdateItems.BeeEvent.HoneyMachine2026.Benjamin.Animate.PlayEmote
[BindableFunction] Workspace.Interaction.PermPortalPlatform.Portal Pete.Animate.PlayEmote
[RemoteEvent] Workspace.eit_2400.InputGateway.Activation
[BindableFunction] Workspace.eit_2400.Animate.PlayEmote
[RemoteEvent] Workspace.bionecanet.InputGateway.Activation
[BindableFunction] Workspace.bionecanet.Animate.PlayEmote
[RemoteEvent] Workspace.Kcjcjdd0.InputGateway.Activation
[BindableFunction] Workspace.Kcjcjdd0.Animate.PlayEmote

===== PLAYERS =====
[BindableFunction] Players.bionecanet.PlayerScripts.TradeSignNPCSpawner.You.Animate.PlayEmote
[BindableFunction] Players.bionecanet.PlayerScripts.WeatherClient.RadioactiveCarrot.RadioactiveCarrot.CarrotHolder.Carrot.jandel_craft.Animate.PlayEmote
[RemoteEvent] Players.bionecanet.PlayerScripts.InputGateway.Activation
[RemoteEvent] Players.bionecanet.StarterGear.Shovel [Destroy Plants].RemoteEvent
[RemoteEvent] Players.bionecanet.Backpack.Shovel [Destroy Plants].RemoteEvent
[RemoteEvent] Players.eit_2400.StarterGear.Shovel [Destroy Plants].RemoteEvent
[RemoteEvent] Players.eit_2400.Backpack.Shovel [Destroy Plants].RemoteEvent
[RemoteEvent] Players.Kcjcjdd0.StarterGear.Shovel [Destroy Plants].RemoteEvent
[RemoteEvent] Players.Kcjcjdd0.Backpack.Shovel [Destroy Plants].RemoteEvent

===== LIGHTING =====

===== STARTER GUI =====

===== STARTER PACK =====

================================================