========== REMOTE SPY LOG ==========
Игра: Grow a Garden
Старт: 2026-05-16 21:25:38
Длительность: 130 секунд
Направления: C->S (клиент->сервер), S<- (сервер->клиент), BIND (bindable)
====================================

[21:25:42][S<-] ReplicatedStorage.FFlags.Packages.Replion.Remotes.Added | {1=table: 0x8f999fec020902d0, }
[21:25:42][S<-] ReplicatedStorage.FFlags.Packages.Replion.Remotes.Update | "" | {LastUpdate=1778955861.155767, LastChange=1778955861.155767, } | nil [nil] | nil [nil]
[21:25:42][S<-] ReplicatedStorage.GameEvents.TraderEvent.Trader_UpdateGuiRE | {PlantType=Carrot, Amount=30, } | {RewardType=Gear, Name=Harvest Tool, Chance=9, Quantity=50, Type=GiveItem, Reward=table: 0xd77b712a7e7f36d0, }
[21:25:42][S<-] ReplicatedStorage.GameEvents.Set_Map_Christmas | true [boolean]
[21:25:42][S<-] ReplicatedStorage.GameEvents.ReplicationChannel | Players.bionecanet.PlayerGui.ReplicatedAssets.Skins.Clam Variants [Folder]
[21:25:42][S<-] ReplicatedStorage.GameEvents.DataStream | "UpdateData" | "bionecanet_DataServiceProfile" | {1=table: 0x149153feaab60d90, 2=table: 0x3bea28f870a75680, 3=table: 0x1bd4a9082fb42510, 4=table: 0x3cf8abfa64085210, 5=table: 0x08d1d92ede61e750, 6=table: 0xe0adb32146551440, 7=table: 0x5677e3b12c03d7e0, }
[21:25:42][S<-] ReplicatedStorage.GameEvents.DataStream | "UpdateData" | "bionecanet_DataServiceProfile" | {1=table: 0x3682afd5e48d52d0, 2=table: 0x15973f6b0c0d4b30, 3=table: 0x049c2813bd7c00e0, 4=table: 0x6fe2766ddec919b0, 5=table: 0x8cd7926c9053c850, 6=table: 0x477f406e612259f0, 7=table: 0x6cd1238dbb34f450, }
[21:25:42][S<-] ReplicatedStorage.GameEvents.DataStream | "UpdateData" | "bionecanet_DataServiceProfile" | {1=table: 0x8f8a9fc141b89760, 2=table: 0x0fc70a82ef031b10, 3=table: 0x53d9a52e832abc50, 4=table: 0xa441574e8e8d75f0, 5=table: 0x78aba19e28aee1b0, 6=table: 0x7a1c0f5c2adfe800, 7=table: 0xcd12f40bc1cfbd70, }
[21:25:42][S<-] ReplicatedStorage.GameEvents.DataStream | "UpdateData" | "bionecanet_DataServiceProfile" | {1=table: 0x146f9a13806bcc90, 2=table: 0xca4a600950ebc270, 3=table: 0xfba2b0bf9f7aa1a0, 4=table: 0x8fb1d9439a628ff0, 5=table: 0x3b6f4c6de995cfd0, 6=table: 0xda244abb36b101e0, 7=table: 0x6252cb9ad8f45620, }
[21:25:43][S<-] ReplicatedStorage.GameEvents.DataStream | "UpdateData" | "bionecanet_DataServiceProfile" | {1=table: 0xd278d34205834e40, 2=table: 0xd7549b9aa9fb4c30, 3=table: 0x6576242b19c51fe0, 4=table: 0xb28f1f9c3e077e70, 5=table: 0xc1cc4a5f69931e60, 6=table: 0x0c4c6424fa24f500, 7=table: 0xba6d02017ad410a0, }
[21:25:44][S<-] ReplicatedStorage.GameEvents.DataStream | "UpdateData" | "bionecanet_DataServiceProfile" | {1=table: 0x26c7a5f09e5ac170, 2=table: 0x766c894d73ec8ee0, 3=table: 0x3f92282df4ba9c10, 4=table: 0xc88781fb4dda02f0, 5=table: 0x0766472abdd5d6f0, 6=table: 0xb3b6735ea310b040, 7=table: 0x34d32d1601891c90, }
[21:25:45][S<-] ReplicatedStorage.GameEvents.DataStream | "UpdateData" | "bionecanet_DataServiceProfile" | {1=table: 0xef10faf8520db540, 2=table: 0x0cd42d99fc2829e0, 3=table: 0x07a7c5fa06b2bed0, 4=table: 0x47a9402b22fbc790, 5=table: 0x06584b28a6e9ea80, 6=table: 0xf833a2f23d69e320, 7=table: 0xea857b0040d6e8f0, }
[21:25:46][S<-] ReplicatedStorage.GameEvents.BeeColonyStateService.Reliable | {Destroy=table: 0x6dfc1f00b6cf8070, Create=table: 0xb7804acd874eea50, StateUpdate=table: 0xf23994688a4e5050, }
[21:25:46][S<-] ReplicatedStorage.GameEvents.DiscoSetColor_RE | {}
[21:25:46][S<-] ReplicatedStorage.GameEvents.BeeColonyStateService.Reliable | {Destroy=table: 0xb1f03ea02d095820, Create=table: 0x127436acd5c28b50, StateUpdate=table: 0xa76a0b1334482800, }
[21:25:46][S<-] ReplicatedStorage.GameEvents.DataStream | "UpdateData" | "bionecanet_DataServiceProfile" | {1=table: 0x72e1ad119da86740, 2=table: 0x26cf88fc3457b600, 3=table: 0xbe41cfabb757c8c0, 4=table: 0xfca4c22841a75460, 5=table: 0x1efbc12809962130, 6=table: 0xa9f167962e00fc20, 7=table: 0x14c70b1404a66de0, }
[21:25:47][S<-] ReplicatedStorage.GameEvents.DataStream | "UpdateData" | "bionecanet_DataServiceProfile" | {1=table: 0xe296ce85762bc360, 2=table: 0xd0bf18ca194bccc0, 3=table: 0x199c4d1fa8abd7e0, 4=table: 0x6a43b19ec6f432a0, 5=table: 0x172d7febb43acb50, 6=table: 0x2b383d426ab867d0, 7=table: 0x8be6f5c1dbda0bb0, }
[21:25:48][S<-] ReplicatedStorage.GameEvents.DataStream | "UpdateData" | "bionecanet_DataServiceProfile" | {1=table: 0xc5cbc1af7a0f62c0, 2=table: 0x82ce2999ea6e29e0, 3=table: 0xf373364e99ced720, 4=table: 0x231d6409b9accd00, 5=table: 0x3fff7a26bb0d48a0, 6=table: 0xdc070be2821e7670, 7=table: 0xe01c34972d0120b0, }
[21:25:49][S<-] ReplicatedStorage.GameEvents.DataStream | "UpdateData" | "bionecanet_DataServiceProfile" | {1=table: 0x80078b890c8af510, 2=table: 0x80f7de06ff207180, 3=table: 0xcfa5faf1cca93db0, 4=table: 0x76577a4295f14e40, 5=table: 0x34d5a9460301aae0, 6=table: 0xf632ddc3b3340400, 7=table: 0x471b2381ead57190, }
[21:25:49][S<-] ReplicatedStorage.GameEvents.ShecklesClient | "Cash Register"
[21:25:49][BIND] ReplicatedStorage.Modules.BindToDestroy.Bind | Players.bionecanet.Backpack.Carrot Seed [X1] [Tool] | function: 0x2bd5eb6895ccc650 [function]
[21:25:50][S<-] ReplicatedStorage.GameEvents.DataStream | "UpdateData" | "bionecanet_DataServiceProfile" | {1=table: 0x0ac2f032725ee9e0, 2=table: 0xad7a3dce003d0d00, 3=table: 0x5a81f6581b91b670, 4=table: 0xdea9c3cdec194da0, }
[21:25:50][S<-] ReplicatedStorage.GameEvents.ShecklesClient | "Cash Register"
[21:25:50][S<-] ReplicatedStorage.GameEvents.DataStream | "UpdateData" | "bionecanet_DataServiceProfile" | {1=table: 0xae282484be706590, 2=table: 0x373c519045b869e0, 3=table: 0x77ef5410b4dd8d00, }
[21:25:50][S<-] ReplicatedStorage.GameEvents.DataStream | "UpdateData" | "bionecanet_DataServiceProfile" | {1=table: 0xe5cd69b890c4a9e0, 2=table: 0xacec596ad7663ed0, 3=table: 0xc71b843fdd21c8a0, 4=table: 0xb336e6046551d3c0, 5=table: 0x907775643eb37e90, 6=table: 0xde94f9b305fb6ae0, 7=table: 0x8bb40c56cf5b5380, }
[21:25:51][S<-] ReplicatedStorage.GameEvents.ShecklesClient | "Cash Register"
[21:25:51][S<-] ReplicatedStorage.GameEvents.DataStream | "UpdateData" | "bionecanet_DataServiceProfile" | {1=table: 0x4f472bb84aa44680, 2=table: 0x3bad1e12e46599f0, 3=table: 0x84a26c3d5cea26d0, }
[21:25:51][S<-] ReplicatedStorage.GameEvents.BizzyBeeEvent.BeeColonyAbilityEffectsService | {AbilityName=ClockworkWindup, Duration=10, PlayerKey=Player_10958570239, Effects=table: 0xb07c27f2b24e76c0, TargetUUIDs=table: 0xa6686b0e614dd4a0, EffectColor=0.529412, 0.345098, 0.176471, CooldownEndsAt=1778955982.2181835, CasterUUID={8dde990f-c318-4abe-8a82-c62ca45d0fe4}, CooldownDuration=31.13210940353435, }
[21:25:51][S<-] ReplicatedStorage.GameEvents.BeeColonyStateService.Reliable | {Destroy=table: 0xfbb93a67d10f4ac0, Create=table: 0x8cb372b3499fb810, StateUpdate=table: 0x3970ce8c357819f0, }
[21:25:51][S<-] ReplicatedStorage.GameEvents.DataStream | "UpdateData" | "bionecanet_DataServiceProfile" | {1=table: 0xd428c96c57b45850, 2=table: 0x4765506d35d56040, 3=table: 0x941eb1330ab236d0, 4=table: 0x520355d4c9219f30, }
[21:25:52][S<-] ReplicatedStorage.GameEvents.DataStream | "UpdateData" | "bionecanet_DataServiceProfile" | {1=table: 0x53d3f34fe7202a00, 2=table: 0x6a25251ac5c164c0, 3=table: 0x5c115758513d8d20, }
[21:25:52][S<-] ReplicatedStorage.GameEvents.DataStream | "UpdateData" | "bionecanet_DataServiceProfile" | {1=table: 0x86e8ac4e74871c40, 2=table: 0x412102fbeb37aa60, 3=table: 0x9356f4f32e47ffc0, 4=table: 0xdac76a4e0297cc90, 5=table: 0x8c405df8f167c270, 6=table: 0x0851380f103754b0, 7=table: 0x6fe5cea821265dd0, }
[21:25:53][S<-] ReplicatedStorage.GameEvents.ShecklesClient | "Cash Register"
[21:25:53][BIND] ReplicatedStorage.Modules.BindToDestroy.Bind | Players.bionecanet.Backpack.Strawberry Seed [X1] [Tool] | function: 0xd4d774904809d820 [function]
[21:25:53][S<-] ReplicatedStorage.GameEvents.DataStream | "UpdateData" | "bionecanet_DataServiceProfile" | {1=table: 0xa8ce22d09487a130, 2=table: 0xddc35b2ecc773e90, 3=table: 0x807389cf4b4676b0, 4=table: 0x6ee9edc42e868940, }
[21:25:53][S<-] ReplicatedStorage.GameEvents.DataStream | "UpdateData" | "bionecanet_DataServiceProfile" | {1=table: 0xe53440ef7967ff80, 2=table: 0x21147d31f8d7e020, 3=table: 0xb32e90ece8543560, 4=table: 0x82c7aef189874ac0, 5=table: 0xe644568276469d90, 6=table: 0x4fc019b73a1641e0, 7=table: 0x0fed7b5ced1713b0, }
[21:25:54][S<-] ReplicatedStorage.GameEvents.DataStream | "UpdateData" | "bionecanet_DataServiceProfile" | {1=table: 0xb359f35334982d60, 2=table: 0x497eebfd2df86800, 3=table: 0x43202d22de3762c0, 4=table: 0x750e5cad78c6d720, 5=table: 0xc83e079821770bb0, 6=table: 0x65024ffcf9b4f840, 7=table: 0xb611c946d144bed0, }
[21:25:56][S<-] ReplicatedStorage.GameEvents.DataStream | "UpdateData" | "bionecanet_DataServiceProfile" | {1=table: 0xb4fee00af9c369e0, 2=table: 0x0038ac3fe8621720, 3=table: 0xf20fa3bf17108d00, 4=table: 0x7b3ed0685128fed0, 5=table: 0xf82a04e5a9e008a0, 6=table: 0x59298e6be6893670, 7=table: 0x33cfcfe8c3aa60b0, }
[21:25:57][S<-] ReplicatedStorage.GameEvents.DataStream | "UpdateData" | "bionecanet_DataServiceProfile" | {1=table: 0xacf44ddf6786ee10, 2=table: 0x8ec157b2bef421a0, 3=table: 0xead286df0db55fe0, 4=table: 0x0128e9dc9f267250, 5=table: 0xa22449685b764d20, 6=table: 0xb7e8a2032c018710, 7=table: 0x460620c175e9caa0, }
[21:25:58][S<-] ReplicatedStorage.GameEvents.DataStream | "UpdateData" | "bionecanet_DataServiceProfile" | {1=table: 0xec3c3206935a7110, 2=table: 0xfe1ccc21e0fa75f0, 3=table: 0x931655c968ed2ca0, 4=table: 0x5f3a76a3eb6ca7c0, 5=table: 0xb6dc24d36e6cd220, 6=table: 0xb230a8ce42a31cb0, 7=table: 0x95d73dd41d528610, }
[21:25:58][S<-] ReplicatedStorage.GameEvents.PlantSeedAnimation | Vector3(-198.89, 0.14, 54.10) | "Carrot"
[21:25:58][S<-] ReplicatedStorage.GameEvents.PlaySound | "Plant_SFX"
[21:25:58][S<-] ReplicatedStorage.GameEvents.DataStream | "UpdateData" | "bionecanet_DataServiceProfile" | {1=table: 0xf3eb86ab8f2bb2b0, 2=table: 0xf4e527f1d1a84810, 3=table: 0x2f7f79fd41ab5830, 4=table: 0x480cc94a39629ac0, 5=table: 0x320bd0fc3bd231e0, 6=table: 0x9a753b292652ef20, 7=table: 0xfcd955ac4c84b500, 8=table: 0x7173e0913444b6d0, 9=table: 0xcff17683fc1550a0, }
[21:25:58][S<-] ReplicatedStorage.GameEvents.DiscoSetColor_RE | {}
[21:25:58][S<-] ReplicatedStorage.GameEvents.PlantSeedAnimation | Vector3(-203.78, 0.14, 53.25) | "Carrot"
[21:25:58][S<-] ReplicatedStorage.GameEvents.PlaySound | "Plant_SFX"
[21:25:58][S<-] ReplicatedStorage.GameEvents.DiscoSetColor_RE | {}
[21:25:59][S<-] ReplicatedStorage.GameEvents.DataStream | "UpdateData" | "bionecanet_DataServiceProfile" | {1=table: 0xcefdf44ae98836b0, 2=table: 0x07928605a5cb8bd0, 3=table: 0x79fa48ff4d03dfa0, 4=table: 0xfb8a34242b4a0c30, 5=table: 0x9a949efcf4d36a80, 6=table: 0x3da4f993dd541c40, }
[21:25:59][S<-] ReplicatedStorage.GameEvents.DiscoSetColor_RE | {}
[21:25:59][S<-] ReplicatedStorage.GameEvents.PlantSeedAnimation | Vector3(-198.50, 0.14, 50.56) | "Carrot"
[21:25:59][S<-] ReplicatedStorage.GameEvents.PlaySound | "Plant_SFX"
[21:25:59][S<-] ReplicatedStorage.GameEvents.DataStream | "UpdateData" | "bionecanet_DataServiceProfile" | {1=table: 0x41a8e6b0d6eb6350, }
[21:25:59][S<-] ReplicatedStorage.GameEvents.DiscoSetColor_RE | {}
[21:25:59][S<-] ReplicatedStorage.GameEvents.DataStream | "UpdateData" | "bionecanet_DataServiceProfile" | {1=table: 0x9461474fdc1857f0, 2=table: 0x8b9cbe6e6dd332a0, 3=table: 0x46bc4801fb2389c0, 4=table: 0x9c8a7ab516931820, 5=table: 0x8a9d03b4917bb010, 6=table: 0x03a43269f00367d0, 7=table: 0x2cca000c63523d70, }
[21:26:00][S<-] ReplicatedStorage.GameEvents.DataStream | "UpdateData" | "bionecanet_DataServiceProfile" | {1=table: 0xa0353e7347a62900, 2=table: 0x453945a07ce79ad0, 3=table: 0x99e0258bc5b7e330, 4=table: 0xf61dcb604a1798e0, 5=table: 0x7f2f73b4e6f42a70, 6=table: 0xf83ee3d999a43580, 7=table: 0x021a0b3756d79220, }
[21:26:00][S<-] ReplicatedStorage.GameEvents.PlantSeedAnimation | Vector3(-213.12, 0.14, 52.45) | "Strawberry"
[21:26:00][S<-] ReplicatedStorage.GameEvents.PlaySound | "Plant_SFX"
[21:26:00][BIND] ReplicatedStorage.Modules.WeightedTable.Event | 
[21:26:00][S<-] ReplicatedStorage.GameEvents.DataStream | "UpdateData" | "bionecanet_DataServiceProfile" | {1=table: 0x6094b13e5b9c4e40, 2=table: 0xc6f04614d6cf9310, 3=table: 0x0b98583d226f6bf0, 4=table: 0x168fc0bcff7e66a0, 5=table: 0xad9e7469c50e2130, 6=table: 0x4b8aebeb75de2dc0, 7=table: 0xbe919481ccbeaae0, 8=table: 0xaba5ad655ca0cf50, 9=table: 0x1aa3b9d225f8fc20, 10=table: 0x5cec3dbf0530f6b0, }
[21:26:01][S<-] ReplicatedStorage.GameEvents.DataStream | "UpdateData" | "bionecanet_DataServiceProfile" | {1=table: 0xcf2a52c831172630, 2=table: 0x7623a4c4e73720c0, }
[21:26:01][S<-] ReplicatedStorage.GameEvents.BeeColonyStateService.Reliable | {Destroy=table: 0x4be1f6719752c620, Create=table: 0xd8636d2b5bbd0550, StateUpdate=table: 0xb2644106ed1ab8b0, }
[21:26:02][S<-] ReplicatedStorage.GameEvents.DataStream | "UpdateData" | "bionecanet_DataServiceProfile" | {1=table: 0xe45df0d0c86948b0, 2=table: 0xa4852f837618a290, 3=table: 0xb57036a337a0af80, 4=table: 0x309c2cf06b589350, 5=table: 0x34a9a95d40ef5020, 6=table: 0x2baf05f7918f7d40, 7=table: 0x067afa07087e06f0, }
[21:26:03][S<-] ReplicatedStorage.GameEvents.DataStream | "UpdateData" | "bionecanet_DataServiceProfile" | {1=table: 0xbf73fe2e8b81cb40, 2=table: 0x39da6723b0b98610, 3=table: 0x82be47cd01d900f0, 4=table: 0x99eb28ad863049a0, 5=table: 0x0a75b693a2187a30, 6=table: 0x6c903e86ce404cc0, 7=table: 0x7fb8ad9b1af157e0, }
[21:26:04][S<-] ReplicatedStorage.GameEvents.DataStream | "UpdateData" | "bionecanet_DataServiceProfile" | {1=table: 0x232fdf885b648940, 2=table: 0x8c30879d97e55c10, 3=table: 0x3e1824a24e7542f0, 4=table: 0xcd070dcbfe4a1fa0, 5=table: 0x5609d1dea3b2cc30, 6=table: 0x1f3ba26676eaf6c0, 7=table: 0xc31e4818ed2aede0, }
[21:26:05][S<-] ReplicatedStorage.GameEvents.DataStream | "UpdateData" | "bionecanet_DataServiceProfile" | {1=table: 0x3a3689b088db29d0, 2=table: 0x4f7b60b970f460c0, 3=table: 0x96ccf24439147f90, 4=table: 0x1d407bd0c1446be0, 5=table: 0x65b96b16924b5480, 6=table: 0xfc759c171da2b5b0, 7=table: 0x7bf649e2556ad640, }
[21:26:05][S<-] ReplicatedStorage.GameEvents.TeamEvents.UpdateTeamDataRE | {}
[21:26:05][S<-] ReplicatedStorage.GameEvents.TeamEvents.UpdateTeamDataRE | {}
[21:26:06][S<-] ReplicatedStorage.GameEvents.DataStream | "UpdateData" | "bionecanet_DataServiceProfile" | {1=table: 0xe91d8bf0c396dd90, 2=table: 0x9f045c891066c570, 3=table: 0x8806f5b08b989f20, 4=table: 0x36f579c44f40d3b0, 5=table: 0x3e13e65b28f83040, 6=table: 0x2c3ec0e53998ae60, 7=table: 0x1f632ff9e21166d0, }
[21:26:06][S<-] ReplicatedStorage.GameEvents.BeeColonyStateService.Reliable | {Destroy=table: 0x4c060de4b3b8f8b0, Create=table: 0xfb0b6506c5100180, StateUpdate=table: 0x9a0bbc3e3c56d210, }
[21:26:06][S<-] ReplicatedStorage.GameEvents.DataStream | "UpdateData" | "ActivePetsService_Replicator" | {1=table: 0x19bbe67eb5bdfba0, 2=table: 0xcca100c8035dcac0, }
[21:26:07][S<-] ReplicatedStorage.GameEvents.DataStream | "UpdateData" | "bionecanet_DataServiceProfile" | {1=table: 0xdf49711d9cc14790, 2=table: 0x65dffe0a978903e0, 3=table: 0x837175374c50cf70, 4=table: 0xf96865713420c650, 5=table: 0x70a4cc697bc88e40, 6=table: 0xd2992ba7b700d310, 7=table: 0x166bbb92eac71460, }
[21:26:07][S<-] ReplicatedStorage.GameEvents.FriendshipPotService_RE | "UpdateAllPots"
[21:26:07][S<-] RobloxReplicatedStorage.CanChatWith | {10906311434=false, }
[21:26:07][S<-] RobloxReplicatedStorage.SendPlayerProfileSettings | "10906311434" | {isInExperienceNameEnabled=false, }
[21:26:07][S<-] RobloxReplicatedStorage.NewPlayerCanManageDetails | "10906311434" | false [boolean]
[21:26:07][S<-] ReplicatedStorage.GameEvents.UpdateFriendState | 10906311434 [number] | false [boolean]
[21:26:07][S<-] RobloxReplicatedStorage.NewPlayerGroupDetails | {10906311434=table: 0x2fc8d2875fcf8bd0, }
[21:26:08][S<-] ReplicatedStorage.GameEvents.DataStream | "UpdateData" | "ActivePetsService_Replicator" | {1=table: 0x5dfcbff52a77acf0, 2=table: 0xbb229d183f379e30, }
[21:26:08][S<-] ReplicatedStorage.GameEvents.DataStream | "UpdateData" | "bionecanet_DataServiceProfile" | {1=table: 0x80a3828b7db1b100, 2=table: 0xcfa929a6f40e14a0, 3=table: 0x707200c8a5bd4c90, 4=table: 0xf59a4f2b9d6d00e0, 5=table: 0x0f89a67edb1d4270, 6=table: 0x5c80d40b0a7cb950, 7=table: 0x2c747d22824c9340, }
[21:26:09][S<-] ReplicatedStorage.GameEvents.SeasonPass.ProgressSeasonPassBar | 16 [number] | 17 [number]
[21:26:09][S<-] ReplicatedStorage.GameEvents.PickupSound | "Collect"
[21:26:09][S<-] ReplicatedStorage.GameEvents.DataStream | "UpdateData" | "bionecanet_DataServiceProfile" | {1=table: 0x45556c30e45458e0, 2=table: 0xa3d2e0dd9bb76a70, 3=table: 0x01b39e6a5cc77580, 4=table: 0xbede081c05575220, 5=table: 0x506b30dd76660610, 6=table: 0xd698cc48a216c360, 7=table: 0x9eb48bc7f9b680f0, 8=table: 0x4b9463626ac705d0, 9=table: 0xfc81fa8d90b8ccc0, 10=table: 0x799f79b759e01390, 11=table: 0xeb8ee5e26058d7e0, 12=table: 0xd093c6b8d3f8b880, 13=table: 0x2b672e26b9f161b0, 14=table: 0xcce5b71bf1366240, }
[21:26:09][S<-] ReplicatedStorage.GameEvents.DiscoSetColor_RE | {}
[21:26:09][S<-] ReplicatedStorage.GameEvents.DataStream | "UpdateData" | "bionecanet_DataServiceProfile" | {1=table: 0x80893bddde024920, 2=table: 0xcb8ecac685b3ce40, 3=table: 0xbeb99db4372bebf0, 4=table: 0xb1a6e9997b73ff00, 5=table: 0xc6e870e0b40ba130, 6=table: 0x820136d4bac22fb0, }
[21:26:09][S<-] ReplicatedStorage.GameEvents.SeasonPass.ProgressSeasonPassBar | 17 [number] | 18 [number]
[21:26:09][S<-] ReplicatedStorage.GameEvents.PickupSound | "Collect"
[21:26:09][S<-] ReplicatedStorage.GameEvents.DiscoSetColor_RE | {}
[21:26:09][S<-] ReplicatedStorage.GameEvents.DataStream | "UpdateData" | "bionecanet_DataServiceProfile" | {1=table: 0x7a0c53f4b13e2230, 2=table: 0x6c0b149f40deab90, 3=table: 0x9b36fd9c480f7080, 4=table: 0x481a61e8a1d07250, 5=table: 0x2fe3eda598684d20, 6=table: 0x20ed1ec327e84a40, 7=table: 0x0e3037ebf1ff0ff0, 8=table: 0x55543f36ba4fdb00, 9=table: 0xd0d9b8017e1f88d0, 10=table: 0x95c12626f6bffd30, 11=table: 0x82ba0940950fd6e0, 12=table: 0xe24eea5d937f2870, 13=table: 0x45df7ceadf8f3f80, 14=table: 0x16fb439d146fa020, }
[21:26:10][S<-] ReplicatedStorage.GameEvents.DataStream | "UpdateData" | "bionecanet_DataServiceProfile" | {1=table: 0x17525ec3e66a2130, 2=table: 0xccb6a4344e122dc0, }
[21:26:10][S<-] ReplicatedStorage.GameEvents.SeasonPass.ProgressSeasonPassBar | 18 [number] | 19 [number]
[21:26:10][S<-] ReplicatedStorage.GameEvents.SeasonPass.ProgressSeasonPassBar | 19 [number] | 24 [number]
[21:26:10][S<-] ReplicatedStorage.GameEvents.PickupSound | "Collect"
[21:26:10][S<-] ReplicatedStorage.GameEvents.DataStream | "UpdateData" | "bionecanet_DataServiceProfile" | {1=table: 0xd35764313a630f50, 2=table: 0xf53476cb89f3b6b0, 3=table: 0x6c609d93138a4160, 4=table: 0x00ef15be18b382f0, 5=table: 0x6619c895c06b4400, 6=table: 0x183232bf90ab5fa0, 7=table: 0x3106cb3ffb1c3190, 8=table: 0x3903d2e579bc9970, 9=table: 0xa338ed02ee1ce450, 10=table: 0xc673746b5d929c40, 11=table: 0x68faeed1dd5a2910, 12=table: 0x8c65963e97022a60, 13=table: 0xfe2617e84f92b100, 14=table: 0x4b6d30813c794b30, 15=table: 0xe5f0c4bc7cd07fc0, 16=table: 0x1f4c8e6bb7984c90, }
[21:26:10][S<-] ReplicatedStorage.GameEvents.DiscoSetColor_RE | {}
[21:26:11][S<-] ReplicatedStorage.GameEvents.DataStream | "UpdateData" | "bionecanet_DataServiceProfile" | {1=table: 0xbbb72d0baae2a0b0, 2=table: 0xc8b1367cc71aa740, 3=table: 0x2ed3b9203bb22a10, 4=table: 0x21fe2f7e38426cf0, 5=table: 0x094b186053bd0da0, 6=table: 0x743b4e95276d5e30, 7=table: 0xf1d5f68a00dd88c0, }
[21:26:12][S<-] ReplicatedStorage.GameEvents.DataStream | "UpdateData" | "bionecanet_DataServiceProfile" | {1=table: 0x6633a92520ea7530, 2=table: 0x0f38a62a1bb249c0, 3=table: 0xdd07c004a8c24ee0, 4=table: 0x2c1a5f2af0a90b50, 5=table: 0x310d94493fa0d820, 6=table: 0xb23f4efc63688ab0, 7=table: 0xc8197da5f1c8f010, 8=table: 0xa164c2841bf0a800, 9=table: 0xdc2790f11e2b27d0, 10=table: 0x693524a3daa323a0, 11=table: 0xea4ea2fe3c8a7d70, }
[21:26:13][S<-] ReplicatedStorage.GameEvents.DataStream | "UpdateData" | "bionecanet_DataServiceProfile" | {1=table: 0x6761301e27b6fdf0, 2=table: 0x9b5e5a21990612d0, 3=table: 0xb651f1c62ea53fc0, 4=table: 0x3dd761df0a250c90, 5=table: 0xb878fd60367540e0, 6=table: 0x2e43ce9ebd844d80, 7=table: 0xdb4f57e00ff594b0, }
[21:26:14][S<-] ReplicatedStorage.GameEvents.DataStream | "UpdateData" | "bionecanet_DataServiceProfile" | {1=table: 0xb58be3855386b190, 2=table: 0xba8ec36fecf61970, 3=table: 0x8592644fbaf56320, 4=table: 0xda72913afe356fb0, 5=table: 0x5af545d93a051c40, 6=table: 0x0fa4b83349b5aa60, 7=table: 0xf8d84f3b5325d2d0, }
[21:26:15][S<-] ReplicatedStorage.GameEvents.DataStream | "UpdateData" | "bionecanet_DataServiceProfile" | {1=table: 0x4b62561b524eff90, 2=table: 0xece39f059e1eebe0, 3=table: 0x816d5430a22e1770, 4=table: 0x452f66f60daeae50, 5=table: 0xd618cdf0fb3d5640, 6=table: 0x5f0565adbc8c9b10, 7=table: 0x1407189a445c4c60, }
[21:26:16][S<-] ReplicatedStorage.GameEvents.DataStream | "UpdateData" | "bionecanet_DataServiceProfile" | {1=table: 0x35bb30b9aa9c92e0, 2=table: 0x8ab1146d81ed6410, 3=table: 0xea804007200e13d0, 4=table: 0x4a8c8f3c485e57a0, 5=table: 0x3e66b86ea1c9fc50, 6=table: 0xdf506ab255513260, 7=table: 0x00cf8b4f5509b5f0, }
[21:26:17][S<-] ReplicatedStorage.GameEvents.DataStream | "UpdateData" | "bionecanet_DataServiceProfile" | {1=table: 0x26339d585652cd80, 2=table: 0x31076456c67914b0, 3=table: 0xce01f32dbbd0d340, 4=table: 0x550403f87f18ae10, 5=table: 0x9b0d680de5b828f0, 6=table: 0x841a8129a40161a0, 7=table: 0x7aea4dfa9cf96230, }
[21:26:18][S<-] ReplicatedStorage.GameEvents.ShecklesClient | "Cash Register"
[21:26:18][S<-] ReplicatedStorage.GameEvents.DataStream | "UpdateData" | "bionecanet_DataServiceProfile" | {1=table: 0x9a4bfb00f1fbeb00, 2=table: 0x1cdd0a0db903f8d0, 3=table: 0xaffe603a2bf3ed30, 4=table: 0xbcb288b3621b26e0, 5=table: 0x31b134699eb33870, 6=table: 0xafd721e6d37baf80, 7=table: 0xd8e44c8003185020, 8=table: 0x4fa8e76e84e08810, 9=table: 0xe4bf6fd5bc5b4560, 10=table: 0x7a91c7c0743306f0, 11=table: 0x758af6d9ed82bfd0, 12=table: 0xda815e019b3adac0, 13=table: 0x5b851532df628d90, 14=table: 0x858ba86e1a9af1e0, }
[21:26:18][S<-] ReplicatedStorage.GameEvents.DataStream | "UpdateData" | "bionecanet_DataServiceProfile" | {1=table: 0xf56b2c1621fb21b0, 2=table: 0x6be1b13df92ca240, 3=table: 0x66be35546bec2860, 4=table: 0xcbf11e6715dcf0d0, 5=table: 0xaa74c7b85e8cf2a0, 6=table: 0x36d88f8d6372f530, 7=table: 0xb5c07eb2d3229a90, }
[21:26:19][S<-] ReplicatedStorage.GameEvents.DataStream | "UpdateData" | "bionecanet_DataServiceProfile" | {1=table: 0xf16bae62b06b71d0, 2=table: 0x72f24737cba30da0, 3=table: 0x0b56381d2f2b5e30, 4=table: 0xdf39ae3751ca4790, 5=table: 0x2c4d9ac756339c80, 6=table: 0x39f86ad852ebc650, 7=table: 0xbe4ce36d0da30920, }
[21:26:20][S<-] ReplicatedStorage.GameEvents.DataStream | "UpdateData" | "bionecanet_DataServiceProfile" | {1=table: 0xfcdf337eef043f80, 2=table: 0x824ea3923174a350, 3=table: 0x4c420b7cbeeb62b0, 4=table: 0xd337e07e6af27560, 5=table: 0x51d555c30d8a56f0, 6=table: 0x0f5089d4d5421000, 7=table: 0x3969fc2a9f33bba0, }
[21:26:21][S<-] ReplicatedStorage.GameEvents.DataStream | "UpdateData" | "bionecanet_DataServiceProfile" | {1=table: 0xe0c7047261a93a60, 2=table: 0x42774b253e910df0, 3=table: 0xd73cf0c682c8c4a0, 4=table: 0xa6ea56825b533270, 5=table: 0xa036b4adedc2a950, 6=table: 0x990b4fc23baa6340, 7=table: 0x51005f27a52b6b60, }
[21:26:22][S<-] ReplicatedStorage.GameEvents.DataStream | "UpdateData" | "bionecanet_DataServiceProfile" | {1=table: 0x859d87a6ba7d9fb0, 2=table: 0x739b487249bd8df0, 3=table: 0x60737a62c8411c90, 4=table: 0x9c9df32fa00950e0, 5=table: 0x26af63d87830b270, 6=table: 0xb776a18f52c8e340, 7=table: 0x1ec856d415ea9a00, }
[21:26:22][S<-] ReplicatedStorage.GameEvents.ShecklesClient | "Cash Register"
[21:26:22][BIND] ReplicatedStorage.Modules.BindToDestroy.Bind | Players.bionecanet.Backpack.Strawberry Seed [X1] [Tool] | function: 0x6b015e5e762f4f50 [function]
[21:26:23][S<-] ReplicatedStorage.GameEvents.DataStream | "UpdateData" | "bionecanet_DataServiceProfile" | {1=table: 0xc4ea54f8d2fabd80, 2=table: 0x7556d3f0cef2e4b0, 3=table: 0xf0370385f23ae340, 4=table: 0x4bc0eaa5bbb0d8f0, }
[21:26:23][S<-] ReplicatedStorage.GameEvents.ShecklesClient | "Cash Register"
[21:26:23][S<-] ReplicatedStorage.GameEvents.DataStream | "UpdateData" | "bionecanet_DataServiceProfile" | {1=table: 0x299c12694b68c100, 2=table: 0x36b06ccbefa082d0, 3=table: 0xbeb4e8dd0a28c4a0, 4=table: 0x9c9a5a8353333270, 5=table: 0xf89da5dfbcf264b0, 6=table: 0x73604cdfec8b6b60, 7=table: 0xcca7966a2db358f0, 8=table: 0xa5d28f709fabb1a0, 9=table: 0x344305d0f6bbc370, 10=table: 0x12c894b67f1bc250, }
[21:26:23][S<-] ReplicatedStorage.GameEvents.PlaySound | "Error" | 1 [number]
[21:26:23][S<-] ReplicatedStorage.GameEvents.Notification | "Not enough sheckles!"
[21:26:24][S<-] ReplicatedStorage.GameEvents.DataStream | "UpdateData" | "bionecanet_DataServiceProfile" | {1=table: 0x7a2a3064a63f32b0, 2=table: 0xc962beb95aef3d40, 3=table: 0x6ce1b68e1e5ec810, 4=table: 0x2ac363eeaba8b1e0, 5=table: 0x097b31c9d7e96040, 6=table: 0xe9ab5fb73f5e36d0, 7=table: 0x10f7f6a78d6dcbc0, }
[21:26:25][S<-] ReplicatedStorage.GameEvents.DataStream | "UpdateData" | "bionecanet_DataServiceProfile" | {1=table: 0xb26b2f80c01aedd0, 2=table: 0x1ae1b2436d4bab00, 3=table: 0x596f0ef19efc29f0, 4=table: 0x501bbd44f7f1e5a0, 5=table: 0x9546f057e03d75b0, 6=table: 0xa25ddda15a7f8170, 7=table: 0xcd10f05477ee8b40, }
[21:26:25][S<-] ReplicatedStorage.GameEvents.ShecklesClient | "Cash Register"
[21:26:25][BIND] ReplicatedStorage.Modules.BindToDestroy.Bind | Players.bionecanet.Backpack.Carrot Seed [X1] [Tool] | function: 0xfb23ad58d8bcd050 [function]
[21:26:25][S<-] ReplicatedStorage.GameEvents.DataStream | "UpdateData" | "bionecanet_DataServiceProfile" | {1=table: 0x64f5a1e7f2959a00, 2=table: 0xca561dbc8e352dd0, 3=table: 0xe11c6f609208e1c0, 4=table: 0x9faf7c93f267f570, }
[21:26:26][S<-] ReplicatedStorage.GameEvents.ShecklesClient | "Cash Register"
[21:26:26][S<-] ReplicatedStorage.GameEvents.DataStream | "UpdateData" | "bionecanet_DataServiceProfile" | {1=table: 0x4f89ac42ae5a14c0, 2=table: 0x0967277eb92fa3b0, 3=table: 0xbdd93aaac1df8180, }
[21:26:26][S<-] ReplicatedStorage.GameEvents.DataStream | "UpdateData" | "bionecanet_DataServiceProfile" | {1=table: 0xb3b6735ea310b040, 2=table: 0x7b47d6f211c734e0, 3=table: 0x10e330f23e1a1850, 4=table: 0xd33594e875953890, 5=table: 0x62620f18adaa0620, 6=table: 0xfe0e2ce1ff012a50, 7=table: 0x5dfbe1e168e47ce0, }
[21:26:27][S<-] ReplicatedStorage.GameEvents.DataStream | "UpdateData" | "bionecanet_DataServiceProfile" | {1=table: 0x04d1b48b372db690, 2=table: 0x72ec1d491c31e420, 3=table: 0xfe78da346469eeb0, 4=table: 0xa7860821fe8853d0, 5=table: 0x4e865ade3ab197a0, 6=table: 0xb09b11c98e217ec0, 7=table: 0x436b908bd1ca3c50, }
[21:26:28][S<-] ReplicatedStorage.GameEvents.DataStream | "UpdateData" | "bionecanet_DataServiceProfile" | {1=table: 0x56b8662fcba4ea10, 2=table: 0x518ca1543ab38f70, 3=table: 0xc52776ba4dff8830, 4=table: 0x82eafb17a8bb7270, 5=table: 0xec85b8b0f7f6c930, 6=table: 0x1f8e9328859492e0, 7=table: 0x2b6569424a556960, }
[21:26:29][S<-] ReplicatedStorage.GameEvents.PlantSeedAnimation | Vector3(-198.30, 0.14, 55.50) | "Strawberry"
[21:26:29][S<-] ReplicatedStorage.GameEvents.PlaySound | "Plant_SFX"
[21:26:29][S<-] ReplicatedStorage.GameEvents.DataStream | "UpdateData" | "bionecanet_DataServiceProfile" | {1=table: 0x4f810a497fccf4e0, 2=table: 0x86eff87f902ed320, 3=table: 0xa3386f7c1b9e3910, 4=table: 0xff4fa996b65c1c90, 5=table: 0x65d9a4798d8c50e0, 6=table: 0xa5bab62182f1b230, 7=table: 0xad5798c577eaeb00, 8=table: 0x211c26d35c23cba0, 9=table: 0x0a0939d3555b8d90, 10=table: 0xcd2b80db43439e60, }
[21:26:29][S<-] ReplicatedStorage.GameEvents.PlantSeedAnimation | Vector3(-209.40, 0.14, 57.86) | "Strawberry"
[21:26:29][S<-] ReplicatedStorage.GameEvents.PlaySound | "Plant_SFX"
[21:26:29][S<-] ReplicatedStorage.GameEvents.DataStream | "UpdateData" | "bionecanet_DataServiceProfile" | {1=table: 0x9ef863cc263f1fe0, 2=table: 0x05b88b763c115000, 3=table: 0xbf9bec06aa298850, 4=table: 0xe1aea3d9eb0d7e70, 5=table: 0x858dfb5d02e9ade0, 6=table: 0x39f8a6cab1f53100, }
[21:26:30][S<-] ReplicatedStorage.GameEvents.DataStream | "UpdateData" | "bionecanet_DataServiceProfile" | {1=table: 0xa6356a1e164c6030, 2=table: 0xac5c67df3b2d9050, 3=table: 0x7dc1d56a4521bed0, 4=table: 0xddf4722a3e197ce0, 5=table: 0xc3a28209ab5aae20, 6=table: 0x4a8eb6dd58da9f60, 7=table: 0x69bff9c2e9f31c80, }
[21:26:30][S<-] ReplicatedStorage.GameEvents.PlantSeedAnimation | Vector3(-209.19, 0.14, 51.91) | "Carrot"
[21:26:30][S<-] ReplicatedStorage.GameEvents.PlaySound | "Plant_SFX"
[21:26:30][S<-] ReplicatedStorage.GameEvents.DiscoSetColor_RE | {}
[21:26:30][S<-] ReplicatedStorage.GameEvents.DataStream | "UpdateData" | "bionecanet_DataServiceProfile" | {1=table: 0x53b2544d34ceb090, 2=table: 0x2360bf170db06e20, 3=table: 0xbcada600248860b0, 4=table: 0xd646e8536aefb1d0, }
[21:26:31][S<-] ReplicatedStorage.GameEvents.PlantSeedAnimation | Vector3(-212.93, 0.14, 53.52) | "Carrot"
[21:26:31][S<-] ReplicatedStorage.GameEvents.PlaySound | "Plant_SFX"
[21:26:31][S<-] ReplicatedStorage.GameEvents.DiscoSetColor_RE | {}
[21:26:31][S<-] ReplicatedStorage.GameEvents.DataStream | "UpdateData" | "bionecanet_DataServiceProfile" | {1=table: 0x25b259f53f6721a0, 2=table: 0x4aa80f861b567080, 3=table: 0xeab447895d377250, 4=table: 0x96896af7b6b488d0, 5=table: 0xa5f493f7e8d6f1c0, 6=table: 0xa0a43b5259c6d6e0, }
[21:26:31][S<-] ReplicatedStorage.GameEvents.DataStream | "UpdateData" | "bionecanet_DataServiceProfile" | {1=table: 0x356cd1eda7402dd0, 2=table: 0xb8d10db37d1831a0, 3=table: 0xa733f5443d30b230, 4=table: 0x1ec1831192714370, 5=table: 0x964b543cd6b98080, 6=table: 0x4758bdcc80adb710, 7=table: 0x8db26f8a70cded30, }
[21:26:32][S<-] ReplicatedStorage.GameEvents.DataStream | "UpdateData" | "bionecanet_DataServiceProfile" | {1=table: 0xb7b1e4fa1076bd30, 2=table: 0xe043d34f73b16870, 3=table: 0x47c5625a38c97f80, 4=table: 0x0b36480c29496020, 5=table: 0x7152b5f58ba82d40, 6=table: 0xf7eaa12ee6203810, 7=table: 0x6d79345bdae9b560, }
[21:26:33][S<-] ReplicatedStorage.GameEvents.DataStream | "UpdateData" | "bionecanet_DataServiceProfile" | {1=table: 0x433e48cc7ab7c400, 2=table: 0x8513a265e507dfa0, 3=table: 0x59f9041b6f7636c0, 4=table: 0xec67c90413a7b190, 5=table: 0xf624ff239c771970, 6=table: 0x7f2870769db76a80, 7=table: 0xf9dd8fc954876450, }
[21:26:34][S<-] ReplicatedStorage.GameEvents.DataStream | "UpdateData" | "bionecanet_DataServiceProfile" | {1=table: 0xc014d56a9e84c360, 2=table: 0xcf5cc76955487f10, 3=table: 0xe58a913b311c6800, 4=table: 0x8fbd41e9fb3367d0, 5=table: 0x45d3948ced7ad720, 6=table: 0xccdbc3391ef17090, 7=table: 0xf111c926875d08c0, }
[21:26:35][S<-] ReplicatedStorage.GameEvents.DataStream | "UpdateData" | "bionecanet_DataServiceProfile" | {1=table: 0x9ec8f873a216c8d0, 2=table: 0x655446a0f6268aa0, 3=table: 0xcbb1eead32e6bd30, 4=table: 0xe0b50dd7dc61a2b0, 5=table: 0xabbffbd2b259fba0, 6=table: 0xeaa72d8bdf054680, 7=table: 0x76a136789bd50850, }
[21:26:35][S<-] ReplicatedStorage.GameEvents.TeamEvents.UpdateTeamDataRE | {}
[21:26:35][S<-] ReplicatedStorage.GameEvents.TeamEvents.UpdateTeamDataRE | {}
[21:26:36][S<-] ReplicatedStorage.GameEvents.DataStream | "UpdateData" | "bionecanet_DataServiceProfile" | {1=table: 0x8c1ee758892de230, 2=table: 0xf904b8d2a39c0d20, 3=table: 0xdf33ca826e3e9b00, 4=table: 0x962a6cbdca0e48d0, 5=table: 0x5fc8b73edc18e020, 6=table: 0x359480d5df3fc680, 7=table: 0xed8b186bf93f2500, }
[21:26:36][S<-] ReplicatedStorage.GameEvents.Notification | "No held <font color="rgb(255,149,0)">HONEY</font> seed"
[21:26:37][S<-] ReplicatedStorage.GameEvents.DataStream | "UpdateData" | "bionecanet_DataServiceProfile" | {1=table: 0x7d336624abda94c0, 2=table: 0xf230ecd1ce935b90, 3=table: 0x711c08430a7b0fe0, 4=table: 0x0009ba9d42ec49b0, 5=table: 0xbbfb5271a04bdff0, 6=table: 0x972fed69e9b3faa0, 7=table: 0x183c6224016bed30, }
[21:26:38][S<-] ReplicatedStorage.GameEvents.DataStream | "UpdateData" | "bionecanet_DataServiceProfile" | {1=table: 0x933e7bc370904990, 2=table: 0x100ffbb639df85e0, 3=table: 0xc11449f3c24fd7b0, 4=table: 0xdb6d0746afeff5f0, 5=table: 0x4fde1c287ddfaca0, 6=table: 0xe92ad71d3c8fa330, 7=table: 0x4057781c8cdc58e0, }
[21:26:39][S<-] ReplicatedStorage.GameEvents.DataStream | "UpdateData" | "bionecanet_DataServiceProfile" | {1=table: 0x8b7a77a7d4bb1350, 2=table: 0xa7b0ce967412fd40, 3=table: 0x01bd86fb3bfa0810, 4=table: 0x3e40adc275d2c000, 5=table: 0x192e2b065e740d90, 6=table: 0x616e832c8ae47570, 7=table: 0xf825784e07052f20, }
[21:26:40][S<-] ReplicatedStorage.GameEvents.DataStream | "UpdateData" | "bionecanet_DataServiceProfile" | {1=table: 0x555c5e29e22b6320, 2=table: 0x76bc51f053cb1c40, 3=table: 0xce9d0aec6443cc90, 4=table: 0x2a9c4e3746dc3950, 5=table: 0x6d6a3827b2ba68f0, 6=table: 0xe07464824800dfe0, 7=table: 0xb7c36bce9720cd20, }
[21:26:41][BIND] ReplicatedStorage.GameEvents.HideCancelCraftingBindableEvent | 
[21:26:41][BIND] ReplicatedStorage.GameEvents.OpenRecipeBindableEvent | Workspace.CraftingTables.SeedEventCraftingWorkBench [Model]
[21:26:41][BIND] ReplicatedStorage.GameEvents.HideCancelCraftingBindableEvent | 
[21:26:41][S<-] ReplicatedStorage.GameEvents.DataStream | "UpdateData" | "bionecanet_DataServiceProfile" | {1=table: 0x746ddce36d1d2dc0, 2=table: 0xe2b1abcabfadd470, 3=table: 0x385e70c915a00400, 4=table: 0x22797752a2319fa0, 5=table: 0x1924de0b79497190, 6=table: 0x61025aa0188ce910, 7=table: 0xde0b9b93437cea60, }
[21:26:42][S<-] ReplicatedStorage.GameEvents.DataStream | "UpdateData" | "bionecanet_DataServiceProfile" | {1=table: 0xb0462fb41c171640, 2=table: 0x4e4bbef294868c60, 3=table: 0x77e480ed6256f5c0, 4=table: 0xfd61f3278614f690, 5=table: 0xf326fb012e84dc70, 6=table: 0x050e9d349b64aeb0, 7=table: 0x3317ae867f5613d0, }
[21:26:43][S<-] ReplicatedStorage.GameEvents.DataStream | "UpdateData" | "bionecanet_DataServiceProfile" | {1=table: 0x817af33968273f90, 2=table: 0xe3ee6006b0772be0, 3=table: 0xe8b15a2123c69480, 4=table: 0x148036d58e669640, 5=table: 0x4e9fc4e195341ea0, 6=table: 0xa86e0e54af544930, 7=table: 0x1de2e9bfc3e475c0, }
[21:26:44][BIND] ReplicatedStorage.GameEvents.HideCancelCraftingBindableEvent | 
[21:26:44][BIND] ReplicatedStorage.GameEvents.HideCancelCraftingBindableEvent | 
[21:26:44][S<-] ReplicatedStorage.GameEvents.DataStream | "UpdateData" | "bionecanet_DataServiceProfile" | {1=table: 0xa0d4ee77d07d08d0, 2=table: 0x957d3c04615ea870, 3=table: 0xefee8110bb2ebf80, 4=table: 0xe887f0a3de68f560, 5=table: 0xba9f1edb744e8ac0, 6=table: 0xbc6996c8bc3e5d90, 7=table: 0x01fbc84584ee01e0, }
[21:26:45][BIND] ReplicatedStorage.GameEvents.OpenRecipeBindableEvent | Workspace.CraftingTables.EventCraftingWorkBench [Model]
[21:26:45][BIND] ReplicatedStorage.GameEvents.HideCancelCraftingBindableEvent | 
[21:26:45][BIND] ReplicatedStorage.GameEvents.HideCancelCraftingBindableEvent | 
[21:26:45][BIND] ReplicatedStorage.GameEvents.HideCancelCraftingBindableEvent | 
[21:26:45][S<-] ReplicatedStorage.GameEvents.DataStream | "UpdateData" | "bionecanet_DataServiceProfile" | {1=table: 0xfb19d0521682fed0, 2=table: 0xc6ff2af46f12d730, 3=table: 0x5c2a33f23c9b3ce0, 4=table: 0xd92623a17c533670, 5=table: 0x1627acac243ca980, 6=table: 0x31fb1a458d9c6e20, 7=table: 0x294c75141f2b6a10, }
[21:26:46][BIND] ReplicatedStorage.GameEvents.HideCancelCraftingBindableEvent | 
[21:26:46][S<-] ReplicatedStorage.GameEvents.DataStream | "UpdateData" | "bionecanet_DataServiceProfile" | {1=table: 0xf695ba8fe8ff6320, 2=table: 0x0af3a89ac3af6fb0, 3=table: 0xec720db5171f1c40, 4=table: 0x1faf9154d9bfaa60, 5=table: 0x4b5b76534e0fd2d0, 6=table: 0xb1e9ff202a7f94a0, 7=table: 0x3f7477ef06afcb30, }
[21:26:47][S<-] ReplicatedStorage.GameEvents.DataStream | "UpdateData" | "bionecanet_DataServiceProfile" | {1=table: 0x9d2b7f228e43c270, 2=table: 0xcd6771043acc3950, 3=table: 0xbc281a2777231340, 4=table: 0xb73cad508d6b6e10, 5=table: 0x0e30b0fdedb37b60, 6=table: 0xd809bbaa14426a00, 7=table: 0x6101d28395aaa230, }
[21:26:48][S<-] ReplicatedStorage.GameEvents.DataStream | "UpdateData" | "bionecanet_DataServiceProfile" | {1=table: 0xc2d319138d4476b0, 2=table: 0x9a6adc2ced148940, 3=table: 0x6c67efdb03650160, 4=table: 0xfbab76a4b672cbd0, 5=table: 0x499deea861ba1fa0, 6=table: 0xee9091754a82cc30, 7=table: 0xe088198f1b32f190, }
[21:26:49][S<-] ReplicatedStorage.GameEvents.DataStream | "UpdateData" | "bionecanet_DataServiceProfile" | {1=table: 0x4a66ae8ffac012d0, 2=table: 0xeea7279ac188d4a0, 3=table: 0x74b95ff869b08b30, 4=table: 0x73d04f52c6630c90, 5=table: 0xc74cf658554a4d80, 6=table: 0x61c101e5a5027950, 7=table: 0x8343d40e8cca4a20, }
[21:26:50][S<-] ReplicatedStorage.GameEvents.DataStream | "UpdateData" | "bionecanet_DataServiceProfile" | {1=table: 0x76d65d8aed6883f0, 2=table: 0x51e6a8a77aeb04d0, 3=table: 0xa11c2761811252e0, 4=table: 0x0271de14e8ea9c70, 5=table: 0x2f05751560d36420, 6=table: 0x890a42ca47dc2960, 7=table: 0xeffd927f3b13baf0, }
[21:26:51][S<-] ReplicatedStorage.GameEvents.DataStream | "UpdateData" | "bionecanet_DataServiceProfile" | {1=table: 0xd60e34f8b5ecf2b0, 2=table: 0x2b3e4e4b8d5cfd40, 3=table: 0x211b5df0c7fcc560, 4=table: 0x08e4cafe460b3fd0, 5=table: 0xab287803aa334ba0, 6=table: 0x563bfb108e6a9830, 7=table: 0x945d132b672a0d90, }
[21:26:52][S<-] ReplicatedStorage.GameEvents.DataStream | "UpdateData" | "bionecanet_DataServiceProfile" | {1=table: 0xdc09e1fd78db4810, 2=table: 0x0a009d4cc87b46f0, 3=table: 0x4c1a4b0b491b4d90, 4=table: 0x912eaafe6f2331e0, 5=table: 0xd721d053f6b39680, 6=table: 0xc0d7fcfcf273e040, 7=table: 0x645576900fdbe510, }
[21:26:53][S<-] ReplicatedStorage.GameEvents.DataStream | "UpdateData" | "bionecanet_DataServiceProfile" | {1=table: 0xa391735289b4b880, 2=table: 0x0074fbff70652a50, 3=table: 0xae8b8b9428252520, 4=table: 0x398062ffdb726240, 5=table: 0x2e9b09ffa14a57f0, 6=table: 0x9472b64aceb19300, 7=table: 0x19f6bd4a33e930d0, }
[21:26:54][S<-] ReplicatedStorage.GameEvents.DataStream | "UpdateData" | "bionecanet_DataServiceProfile" | {1=table: 0xcc07818219ab6d30, 2=table: 0x97094db746e361c0, 3=table: 0x54f298d88fb3a6e0, 4=table: 0xa63ef7d1780a1350, 5=table: 0x412d7c2430f3d020, 6=table: 0x24e3f768e7abf2b0, 7=table: 0x29f8850668eb0810, }
[21:26:55][S<-] ReplicatedStorage.GameEvents.DataStream | "UpdateData" | "bionecanet_DataServiceProfile" | {1=table: 0x024f59b9bcc08cc0, 2=table: 0x6cd967bad53e6520, 3=table: 0x994a8fcd5dce21b0, 4=table: 0xc5321c33264dbf10, 5=table: 0x3424b516f13df2a0, 6=table: 0xd23428e947ddc9c0, 7=table: 0x657b13cec82d0070, }
[21:26:56][S<-] ReplicatedStorage.GameEvents.DataStream | "UpdateData" | "bionecanet_DataServiceProfile" | {1=table: 0x8c2b91a66d7a2bf0, 2=table: 0xc2203d5ce725acd0, 3=table: 0x6ffb126225c56dc0, 4=table: 0x4906ca3784a45380, 5=table: 0xe0fd754416b536b0, 6=table: 0x43088dcb628ac940, 7=table: 0xb43ca6f3b67202f0, }
[21:26:57][S<-] ReplicatedStorage.GameEvents.DataStream | "UpdateData" | "bionecanet_DataServiceProfile" | {1=table: 0x7c837f4ec5375760, 2=table: 0xf18df6fa2d0774f0, 3=table: 0x73ff4ca56ac07e00, 4=table: 0x58905d83fa7065a0, 5=table: 0xc3a4c4e322673f90, 6=table: 0x2d673a500eb72be0, 7=table: 0x86e5bb4dd3d6d770, }
[21:26:58][S<-] ReplicatedStorage.GameEvents.DataStream | "UpdateData" | "bionecanet_DataServiceProfile" | {1=table: 0x98944f1dc4e02b00, 2=table: 0x5ea89420eba9b8d0, 3=table: 0x25bb1f73ac51baa0, 4=table: 0x83a1d6d944092d30, 5=table: 0x2d5f8cc6244121c0, 6=table: 0xb351708b8b626f80, 7=table: 0x16c75ab5d5929020, }
[21:26:59][S<-] ReplicatedStorage.GameEvents.BeeColonyStateService.Reliable | {Destroy=table: 0x31ea510c7d1cf2b0, Create=table: 0xb66602f3234cd020, StateUpdate=table: 0xb393ac1935ecfd40, }
[21:26:59][S<-] ReplicatedStorage.GameEvents.DataStream | "UpdateData" | "bionecanet_DataServiceProfile" | {1=table: 0x17c314909ddef450, 2=table: 0x8d45ee6c9a6ed320, 3=table: 0x30d867b9c6be9fb0, 4=table: 0xbdf0474f0f5e3910, 5=table: 0xa2bed86ff8ad4100, 6=table: 0x03af953ab09d02d0, 7=table: 0xdd9dc20577ed44a0, }
[21:27:00][S<-] ReplicatedStorage.GameEvents.DiscoSetColor_RE | {}
[21:27:01][S<-] ReplicatedStorage.GameEvents.DataStream | "UpdateData" | "bionecanet_DataServiceProfile" | {1=table: 0x39eb5042d3487870, 2=table: 0x8b9324cd5f806f80, 3=table: 0x50b7b97cd6109020, 4=table: 0xc883ae7b67aac810, 5=table: 0x6c8d1529bb528560, 6=table: 0x069ed824fd0ac6f0, 7=table: 0xc5b1efce458affd0, }
[21:27:02][S<-] ReplicatedStorage.GameEvents.DataStream | "UpdateData" | "bionecanet_DataServiceProfile" | {1=table: 0x596a4ebb28e14610, 2=table: 0x9ed206ce4fa88360, 3=table: 0x174e7045ab7040f0, 4=table: 0xd1bfe53091080200, 5=table: 0xb3c969efd9c045d0, 6=table: 0x3a5cc919228889a0, 7=table: 0xbec39c3a16b0ba30, }
[21:27:02][S<-] ReplicatedStorage.GameEvents.DataStream | "UpdateData" | "bionecanet_DataServiceProfile" | {1=table: 0x4740e0bbf7418da0, 2=table: 0xa0457ceeb389de30, 3=table: 0x03db86614cf108c0, 4=table: 0xaa4a49b42429c790, 5=table: 0xc8fe15cf142183e0, 6=table: 0x146e6145dcea4f70, 7=table: 0x91ddd232a3b21c80, }
[21:27:04][S<-] ReplicatedStorage.GameEvents.DataStream | "UpdateData" | "bionecanet_DataServiceProfile" | {1=table: 0x3259bce9ae518700, 2=table: 0xcaea2a5c463944d0, 3=table: 0xa87229b722e11ea0, 4=table: 0x07ce95cdfe594930, 5=table: 0x9e5fc15b339175c0, 6=table: 0xc2c9163866f87690, 7=table: 0x64bceeed8d0012e0, }
[21:27:05][S<-] ReplicatedStorage.GameEvents.DataStream | "UpdateData" | "bionecanet_DataServiceProfile" | {1=table: 0x7f00b7bda863dd50, 2=table: 0xe43c3f9680abee20, 3=table: 0x4308366aa993e0b0, 4=table: 0xe21caebdd14be740, 5=table: 0x0570a8d01f03ea10, 6=table: 0xdffd1d4323cbdf60, 7=table: 0x556b463e5693acf0, }
[21:27:05][S<-] ReplicatedStorage.GameEvents.TeamEvents.UpdateTeamDataRE | {}
[21:27:06][S<-] ReplicatedStorage.GameEvents.TeamEvents.UpdateTeamDataRE | {}
[21:27:06][S<-] ReplicatedStorage.GameEvents.DataStream | "UpdateData" | "bionecanet_DataServiceProfile" | {1=table: 0x7b83fd472a3a5550, 2=table: 0xf88142dc46019620, 3=table: 0x6484f320b9d948b0, 4=table: 0x39280fa9b7983450, 5=table: 0x4bdc4766f2601320, 6=table: 0xad6f90d3be385fb0, 7=table: 0x10fd64c142108c40, }
[21:27:07][S<-] ReplicatedStorage.GameEvents.DataStream | "UpdateData" | "bionecanet_DataServiceProfile" | {1=table: 0x1ae93ad319465fb0, 2=table: 0x2e1c221386957a60, 3=table: 0x83089d00aaa54df0, 4=table: 0x243b4875f1e58100, 5=table: 0xb607762f625404a0, 6=table: 0x5313cfcfa515dc90, 7=table: 0x1e12867a4dd510e0, }
[21:27:08][S<-] ReplicatedStorage.GameEvents.DataStream | "UpdateData" | "bionecanet_DataServiceProfile" | {1=table: 0x43bb0e17a06c3910, 2=table: 0x79f82accc70f02d0, 3=table: 0x9b61f49273afb270, 4=table: 0xc2e242a1a6ffbd80, 5=table: 0x216af1548d4f2950, 6=table: 0xfd5e5545a5ee5b90, 7=table: 0xcb7945bfce2e4370, }
[21:27:09][S<-] ReplicatedStorage.GameEvents.DataStream | "UpdateData" | "bionecanet_DataServiceProfile" | {1=table: 0x4bbd7425f267a490, 2=table: 0x9f61ed358b07f580, 3=table: 0x7fb6b473d4e78610, 4=table: 0x6c8a3399abb700f0, 5=table: 0x1f9f5a9dfd5649a0, 6=table: 0xc2b391a773a64cc0, 7=table: 0x2ca34637a718a520, }
[21:27:10][S<-] ReplicatedStorage.GameEvents.DataStream | "UpdateData" | "bionecanet_DataServiceProfile" | {1=table: 0xa4932e6ae7c1b270, 2=table: 0x038924bf8b09bd80, 3=table: 0x519ef23f86cdeb60, 4=table: 0x18fd9465cd4d9a00, 5=table: 0x796aba694c0c0fe0, 6=table: 0xf3f3a93c2cdc4370, 7=table: 0x4bc36894d56eba40, }
[21:27:11][S<-] ReplicatedStorage.GameEvents.DataStream | "UpdateData" | "bionecanet_DataServiceProfile" | {1=table: 0xbc42bd32f9b02dc0, 2=table: 0xc82fdd3e95993d30, 3=table: 0xf2b22c5a1f957270, 4=table: 0xf11c425879787a40, 5=table: 0xe5811d860330b500, 6=table: 0x3a97522545f013c0, 7=table: 0xf99625f3899facf0, }
[21:27:12][S<-] ReplicatedStorage.GameEvents.DataStream | "UpdateData" | "bionecanet_DataServiceProfile" | {1=table: 0x437cabc95c76ecd0, 2=table: 0xac0a82e5cc80adc0, 3=table: 0xb13a50be24b83e90, 4=table: 0xf5635e6b9b1642f0, 5=table: 0x69af373bbdd10b30, 6=table: 0x467e796c6e82ae10, 7=table: 0x1a56ffdbb33bc710, }
[21:27:13][S<-] ReplicatedStorage.GameEvents.DataStream | "UpdateData" | "bionecanet_DataServiceProfile" | {1=table: 0xaf6897f91b1a3600, 2=table: 0xe5a9792fa81d48c0, 3=table: 0x489f0e1ac0cd0790, 4=table: 0x7272902f736d8f70, 5=table: 0xc89fda8e869dff00, 6=table: 0x60d3dff743e19380, 7=table: 0x8cbd070a2ca84f50, }
[21:27:14][S<-] ReplicatedStorage.GameEvents.DataStream | "UpdateData" | "bionecanet_DataServiceProfile" | {1=table: 0x4ab05a15931aa490, 2=table: 0x4282724814daf150, 3=table: 0x2482ebfbc472d220, 4=table: 0x378f9a91b48ccb40, 5=table: 0x49e9b9e237ac4200, 6=table: 0x727e7608912a3880, 7=table: 0xa3d420aa6089e860, }
[21:27:15][S<-] ReplicatedStorage.GameEvents.DataStream | "UpdateData" | "bionecanet_DataServiceProfile" | {1=table: 0x5caeafc1350a7010, 2=table: 0xb0263900b2b23840, 3=table: 0xaaf2c026cb0b41f0, 4=table: 0x481c7faa903413c0, 5=table: 0x37345b169f1331d0, 6=table: 0xcec8887a435b4da0, 7=table: 0x18b9aecf5e02ebf0, }
[21:27:15][S<-] ReplicatedStorage.GameEvents.DiscoSetColor_RE | {}
[21:27:16][S<-] ReplicatedStorage.GameEvents.DiscoSetColor_RE | {}
[21:27:16][S<-] ReplicatedStorage.GameEvents.DataStream | "UpdateData" | "bionecanet_DataServiceProfile" | {1=table: 0xf299bdd10412e740, 2=table: 0x71b7b844e434ea10, 3=table: 0xea8b936665d43600, 4=table: 0x48bb70debe330790, 5=table: 0x9ba32f1fd943bdb0, 6=table: 0x5dbd3404819bce40, 7=table: 0x7bf3a03020dbff00, }
[21:27:17][S<-] ReplicatedStorage.GameEvents.DataStream | "UpdateData" | "bionecanet_DataServiceProfile" | {1=table: 0x28db5294ae2f1c40, 2=table: 0x51afcb92debe3df0, 3=table: 0x68f2fcfc271fd2d0, 4=table: 0x1983aef9343fc270, 5=table: 0x9389370bc4880d80, 6=table: 0x2e8fb7e18d2f8a20, 7=table: 0xa2a5c55352cf7b60, }
[21:27:18][S<-] ReplicatedStorage.GameEvents.DataStream | "UpdateData" | "bionecanet_DataServiceProfile" | {1=table: 0x4a002df953953230, 2=table: 0x4e1308af7e96c370, 3=table: 0x9c76a3f5e666c250, 4=table: 0x8f2288e516873a40, 5=table: 0x282b7aa8c2c73710, 6=table: 0x0170cd4e48b86b00, 7=table: 0xafcc165b21e078d0, }
[21:27:19][S<-] ReplicatedStorage.GameEvents.DataStream | "UpdateData" | "bionecanet_DataServiceProfile" | {1=table: 0x273b373b2344b5b0, 2=table: 0x5a6c0822f874cc60, 3=table: 0x99f845ef802483f0, 4=table: 0x146b92597ba4c700, 5=table: 0x7236ecef0936dea0, 6=table: 0x79c5fbb54946b5c0, 7=table: 0xc742738f92b63690, }
[21:27:20][S<-] ReplicatedStorage.GameEvents.DataStream | "UpdateData" | "bionecanet_DataServiceProfile" | {1=table: 0xab8fde85b7c269d0, 2=table: 0x0580a4986cba65a0, 3=table: 0x8bb6304c5c792be0, 4=table: 0x6ded05f12d38f120, 5=table: 0xca6151040690f5b0, 6=table: 0x2b75d3c4319a8700, 7=table: 0x3d469cae273a1ea0, }
[21:27:21][S<-] ReplicatedStorage.GameEvents.DataStream | "UpdateData" | "bionecanet_DataServiceProfile" | {1=table: 0xbdcf6565c0ed6cf0, 2=table: 0x285cd2eb39be7600, 3=table: 0x9dd4ba3f8b7e88c0, 4=table: 0x1777b36956c94790, 5=table: 0xfdbe19e553e8c650, 6=table: 0x46ae543f8f500920, 7=table: 0xd3f3fcbe3c88d310, }
[21:27:22][S<-] ReplicatedStorage.GameEvents.DataStream | "UpdateData" | "bionecanet_DataServiceProfile" | {1=table: 0xa0080034ccae34e0, 2=table: 0x141acc59bbcf5620, 3=table: 0x910a82ccf49f08b0, 4=table: 0xfebcd53d5c170370, 5=table: 0x6a697c3ccdc4dd20, 6=table: 0xd6f506e9a51409b0, 7=table: 0x10574e6b7334fa40, }
[21:27:23][S<-] ReplicatedStorage.GameEvents.DataStream | "UpdateData" | "bionecanet_DataServiceProfile" | {1=table: 0xb0b2ba890d4d2ca0, 2=table: 0xcc92b2862c9d2330, 3=table: 0x2b9621b347cca7c0, 4=table: 0x62ab14ce64acf580, 5=table: 0x0bb96f550f7cf150, 6=table: 0xff507feca6c31cb0, 7=table: 0xf17b6f3a5db28610, }
[21:27:24][S<-] ReplicatedStorage.GameEvents.DataStream | "UpdateData" | "bionecanet_DataServiceProfile" | {1=table: 0x9475bc722153f4e0, 2=table: 0xe88f21e147d21620, 3=table: 0x459ed5b62aabc8b0, 4=table: 0xdbc31cb4aeafb270, 5=table: 0xa0dc35321e1fda20, 6=table: 0xbd7021e1dbcfe4b0, 7=table: 0x3bf3b56ca6bfe340, }
[21:27:25][S<-] ReplicatedStorage.GameEvents.DataStream | "UpdateData" | "bionecanet_DataServiceProfile" | {1=table: 0x426781ddb0901060, 2=table: 0x186b292bc160eb00, 3=table: 0xd452ceb0ec857d40, 4=table: 0x75eca7aa1cd406f0, 5=table: 0xc5972e6a2b45dac0, 6=table: 0x7cfe36a47f390bc0, 7=table: 0x80b9e7d909f60180, }
[21:27:26][S<-] ReplicatedStorage.GameEvents.DataStream | "UpdateData" | "bionecanet_DataServiceProfile" | {1=table: 0xf3074d8100163e00, 2=table: 0xfd3a79a55086a5a0, 3=table: 0xeedb7bfd0c418930, 4=table: 0xf6a85aa8a3219c70, 5=table: 0x29924707dbe92960, 6=table: 0xa45dd019f7636900, 7=table: 0x0fc805fab2da5ad0, }
[21:27:27][S<-] ReplicatedStorage.GameEvents.DataStream | "UpdateData" | "bionecanet_DataServiceProfile" | {1=table: 0xaea18cd607641b10, 2=table: 0x30f3157fcec6dea0, 3=table: 0x1b8f90841756b5c0, 4=table: 0x196fe11333e7baf0, 5=table: 0xc6f97c260f57ac00, 6=table: 0x01d24fcbd9c717a0, 7=table: 0x035b1a7d0c547110, }
[21:27:28][S<-] ReplicatedStorage.GameEvents.DataStream | "UpdateData" | "bionecanet_DataServiceProfile" | {1=table: 0x5a55bf3244aeea80, 2=table: 0x94664177edcce320, 3=table: 0x6d8692d9713e4c90, 4=table: 0xf08a2466396e00e0, 5=table: 0xfd92b600c82f8d80, 6=table: 0xb64a4db5025f2230, 7=table: 0x0ebe159ff78fa4c0, }
[21:27:28][S<-] ReplicatedStorage.GameEvents.BeeColonyStateService.Reliable | {Destroy=table: 0x306f71a296305220, Create=table: 0xf1ae415dc98ef5f0, StateUpdate=table: 0xb4f9e29e6e699cb0, }
[21:27:28][S<-] ReplicatedStorage.GameEvents.DiscoSetColor_RE | {}
[21:27:28][S<-] ReplicatedStorage.GameEvents.BeeColonyStateService.Reliable | {Destroy=table: 0x68acaa4ecd0160c0, Create=table: 0x8099536c5bda29d0, StateUpdate=table: 0x7e6c35a473716be0, }
[21:27:29][S<-] ReplicatedStorage.GameEvents.DataStream | "UpdateData" | "bionecanet_DataServiceProfile" | {1=table: 0xeaabdf81b8b56320, 2=table: 0x5fe070a64f05a910, 3=table: 0x1f8eb279bd35c270, 4=table: 0xe28d2cc7a4623950, 5=table: 0xbec5367bb28adfe0, 6=table: 0x877de474604aca40, 7=table: 0x61ef53ced8030710, }
[21:27:30][S<-] ReplicatedStorage.GameEvents.DataStream | "UpdateData" | "bionecanet_DataServiceProfile" | {1=table: 0xfae79ffaf117b6b0, 2=table: 0x7d646717a9d64940, 3=table: 0xca31fe47f01782f0, 4=table: 0x94ec3343a2e8e450, 5=table: 0x59ef9928b366efb0, 6=table: 0x74767725a47552d0, 7=table: 0x214cb180c6958d80, }
[21:27:31][S<-] ReplicatedStorage.GameEvents.DiscoSetColor_RE | {}
[21:27:31][S<-] ReplicatedStorage.GameEvents.DataStream | "UpdateData" | "bionecanet_DataServiceProfile" | {1=table: 0x0a199e7ab1f729d0, 2=table: 0x50332fac20086630, 3=table: 0xcb0634cd69706be0, 4=table: 0x57ec7b7d92461b10, 5=table: 0xd178f426aef6cc60, 6=table: 0x14e543d2435683f0, 7=table: 0xca7eb18bcc043690, }
[21:27:32][S<-] ReplicatedStorage.GameEvents.DataStream | "UpdateData" | "bionecanet_DataServiceProfile" | {1=table: 0x0c24ad96356b57b0, 2=table: 0xde1d3dbbbac87110, 3=table: 0xc6139261096b5ad0, 4=table: 0xb90ac3ec51232ca0, 5=table: 0xb307eb068352a7c0, 6=table: 0x98084054080aea70, 7=table: 0xdb1d8dc92052f580, }
[21:27:33][S<-] ReplicatedStorage.GameEvents.DiscoSetColor_RE | {}
[21:27:33][S<-] ReplicatedStorage.GameEvents.DataStream | "UpdateData" | "bionecanet_DataServiceProfile" | {1=table: 0x08a86f77ada929e0, 2=table: 0x5dd25d64e92df840, 3=table: 0x8351959b817d8d10, 4=table: 0xcccf3485379d01f0, 5=table: 0x74440c7679cc48a0, 6=table: 0xf0c843dbb09c1730, 7=table: 0x0e5793cce8ac53c0, }
[21:27:34][S<-] ReplicatedStorage.GameEvents.DataStream | "UpdateData" | "bionecanet_DataServiceProfile" | {1=table: 0x5ee31af4c9046750, 2=table: 0x03a9955f89746eb0, 3=table: 0x38d2be5f3e652960, 4=table: 0x94c05f8ba30617a0, 5=table: 0xe3d4f6f31ca6c990, 6=table: 0x00717d44c5e705e0, 7=table: 0x561f53377dd09440, }
[21:27:35][S<-] ReplicatedStorage.GameEvents.DataStream | "UpdateData" | "bionecanet_DataServiceProfile" | {1=table: 0x41b861af9017cd80, 2=table: 0x27adeca0d8c7f950, 3=table: 0x5cc23e13baa728f0, 4=table: 0xdacbc6f977d72a00, 5=table: 0x0b59ac0e0a779dd0, 6=table: 0x4d2062ad14a75370, 7=table: 0x9627f3a02c973080, }
[21:27:36][S<-] ReplicatedStorage.GameEvents.TeamEvents.UpdateTeamDataRE | {}
[21:27:36][S<-] ReplicatedStorage.GameEvents.TeamEvents.UpdateTeamDataRE | {}
[21:27:36][S<-] ReplicatedStorage.GameEvents.DataStream | "UpdateData" | "bionecanet_DataServiceProfile" | {1=table: 0xbaf9c72c3f5225a0, 2=table: 0x3c6f3023f38be630, 3=table: 0x3720a6f688c3e0c0, 4=table: 0x8e2dae4e600bff90, 5=table: 0x2b38095b4853ebe0, 6=table: 0x5814ddf410eb1770, 7=table: 0xdd1091a11ba3d480, }
[21:27:37][S<-] ReplicatedStorage.GameEvents.DataStream | "UpdateData" | "bionecanet_DataServiceProfile" | {1=table: 0xb1a5890b4b20cba0, 2=table: 0xb2b8461d91681830, 3=table: 0x3a941cf6e9d0dac0, 4=table: 0xa991a023c2888d90, 5=table: 0xcff3af5c1e40f1e0, 6=table: 0x218907c91208f570, 7=table: 0x829ebf4bc6ded680, }
[21:27:38][S<-] ReplicatedStorage.GameEvents.DataStream | "UpdateData" | "bionecanet_DataServiceProfile" | {1=table: 0x083b87ff1fd9d620, 2=table: 0xed0d3f8a1a7188b0, 3=table: 0x7e3929dfbd003450, 4=table: 0xf12aaa6966c81320, 5=table: 0x7463bcb433b05fb0, 6=table: 0xe9e2009fce688c40, 7=table: 0x4666b272a2237910, }
[21:27:39][S<-] ReplicatedStorage.GameEvents.DataStream | "UpdateData" | "bionecanet_DataServiceProfile" | {1=table: 0xf33c41811d4ec250, 2=table: 0x760894b4451e9d20, 3=table: 0xef1558ef6acec9b0, 4=table: 0x0877da5a8f7f3a40, 5=table: 0x9af593b5cbaf3710, 6=table: 0x421ac3cf26209060, 7=table: 0x212a73547a685ff0, }
[21:27:40][S<-] ReplicatedStorage.GameEvents.DataStream | "UpdateData" | "bionecanet_DataServiceProfile" | {1=table: 0x143f8c2e984a7d40, 2=table: 0xa90ec1e1d0028810, 3=table: 0x46127e54dbcd4560, 4=table: 0x3d6be54f00bd06f0, 5=table: 0x80f968fa696d4000, 6=table: 0x23651752b11cbfd0, 7=table: 0xce275faf892ccba0, }
[21:27:41][S<-] ReplicatedStorage.GameEvents.DataStream | "UpdateData" | "bionecanet_DataServiceProfile" | {1=table: 0x85b7afef536081f0, 2=table: 0xd854b6606fe94d00, 3=table: 0x5cc83f3582313ed0, 4=table: 0x967bb80ee60ac8a0, 5=table: 0x6fc1ad1a31c29730, 6=table: 0xf45f26357a8ad3c0, 7=table: 0x78cf51e02772f090, }
[21:27:42][S<-] ReplicatedStorage.GameEvents.DataStream | "UpdateData" | "bionecanet_DataServiceProfile" | {1=table: 0x14349c876f9829e0, 2=table: 0x9110209acad03d70, 3=table: 0x72142fadf678ae80, 4=table: 0xf5f987e03e209050, 5=table: 0x786b385342d8d720, 6=table: 0xe6e33749b7910bb0, 7=table: 0x422daec6f33af840, }
[21:27:43][S<-] ReplicatedStorage.GameEvents.DataStream | "UpdateData" | "bionecanet_DataServiceProfile" | {1=table: 0x823b19e0987e2dd0, 2=table: 0xdd2acdbc902e31a0, 3=table: 0x4851b089cb9eb230, 4=table: 0xaef62286ef6e94c0, 5=table: 0x32763ab3093f5b90, 6=table: 0xb3da8860710f0fe0, 7=table: 0xbc43cbd4b95f4370, }
[21:27:44][S<-] ReplicatedStorage.GameEvents.DataStream | "UpdateData" | "bionecanet_DataServiceProfile" | {1=table: 0x5ad1a0aeee0cc990, 2=table: 0x257f147b32dd05e0, 3=table: 0x8fc8cf9805aec170, 4=table: 0x255d87ad3d7e8280, 5=table: 0x3ac03c63fb2ebc50, 6=table: 0xb8c420d6b71e0b20, 7=table: 0x3448aecd6b4e57b0, }
[21:27:45][S<-] ReplicatedStorage.GameEvents.DataStream | "UpdateData" | "bionecanet_DataServiceProfile" | {1=table: 0xd2a6be86ecd83580, 2=table: 0x10a6b5724723b150, 3=table: 0x9f61219d7b7b9220, 4=table: 0x59fb55a83eb35cb0, 5=table: 0x2b689a4bf59b0b40, 6=table: 0x8cdc5adea2434610, 7=table: 0x20afec318e3a8360, }
[21:27:45][S<-] ReplicatedStorage.GameEvents.DiscoSetColor_RE | {}
[21:27:46][S<-] ReplicatedStorage.GameEvents.DataStream | "UpdateData" | "bionecanet_DataServiceProfile" | {1=table: 0x5265f9c569140250, 2=table: 0xd6f7667032c45d20, 3=table: 0x1c548d2cff8589b0, 4=table: 0x99d04019a3b57a40, 5=table: 0x4bb41f7a76157710, 6=table: 0x2d48a60cb2655060, 7=table: 0x80dcaf11eda69ff0, }
[21:27:47][S<-] ReplicatedStorage.GameEvents.DataStream | "UpdateData" | "bionecanet_DataServiceProfile" | {1=table: 0x9961235c422526e0, 2=table: 0x5fac9bf1aa653870, 3=table: 0xe5b85b22f6d5af80, 4=table: 0x80ac0a1fbbb59350, 5=table: 0xecd073097f465020, 6=table: 0x4674e004390672b0, 7=table: 0xfff97d1ff1d67d40, }
[21:27:48][S<-] ReplicatedStorage.GameEvents.DataStream | "UpdateData" | "bionecanet_DataServiceProfile" | {1=table: 0xb91c71b0de144cc0, 2=table: 0xba09fd9d5a449390, 3=table: 0x057b698b958557e0, 4=table: 0xa0130eb6aed52b70, 5=table: 0x471544ddc3153880, 6=table: 0x1a379f70372aaa50, 7=table: 0x9b2627c77ce2a520, }
[21:27:49][S<-] ReplicatedStorage.GameEvents.DataStream | "UpdateData" | "bionecanet_DataServiceProfile" | {1=table: 0x1a25fe73217753b0, 2=table: 0xd32377ac09c7b040, 3=table: 0x501b0fd8d107b510, 4=table: 0x0f69577a5f742e60, 5=table: 0x76ff9ecd83b7d9f0, 6=table: 0xf91016d0d6e7e500, 7=table: 0x7c1cc863d267e6d0, }
[21:27:50][S<-] ReplicatedStorage.GameEvents.DataStream | "UpdateData" | "bionecanet_DataServiceProfile" | {1=table: 0xd461ded6a49c1640, 2=table: 0x93a698ca8fcc5b10, 3=table: 0x11a62d7dcb7d8c60, 4=table: 0x54aa21d0e52d43f0, 5=table: 0xa893b1233ddd0700, 6=table: 0x0592c47e726dc4d0, 7=table: 0xa3fd0916b63d9ea0, }
[21:27:51][S<-] ReplicatedStorage.GameEvents.DiscoSetColor_RE | {}
[21:27:51][S<-] ReplicatedStorage.GameEvents.DataStream | "UpdateData" | "bionecanet_DataServiceProfile" | {1=table: 0xd9dc19200b876e80, 2=table: 0x97a85a57f6c75050, 3=table: 0x0ebf95faba771720, 4=table: 0xb2a1204a7dd74bb0, 5=table: 0xbb9d3557b6a7b840, 6=table: 0x39ebbee0f367cd10, 7=table: 0xa77a48ad0f280660, }
[21:27:52][S<-] ReplicatedStorage.GameEvents.DataStream | "UpdateData" | "bionecanet_DataServiceProfile" | {1=table: 0x79ceeb6e92fd0c40, 2=table: 0x61531ad5239cfa60, 3=table: 0x50bb4c80347f0fc0, 4=table: 0x33ad108d0c0f5c90, 5=table: 0x3e8ed7e7548e7270, 6=table: 0xa586e16a16afa4b0, 7=table: 0x789fb36b216fedd0, }

========== КОНЕЦ ЛОГА ==========
Конец: 2026-05-16 21:27:53
Всего перехвачено: 250